20:59:35 **** Build of configuration Debug for project BlackCat_Tensor ****
make all 
Building file: ../DepFiles/LAR_Indexing.cpp
Invoking: NVCC Compiler
/usr/local/cuda-8.0/bin/nvcc -G -g -O0 -gencode arch=compute_52,code=sm_52  -odir "DepFiles" -M -o "DepFiles/LAR_Indexing.d" "../DepFiles/LAR_Indexing.cpp"
/usr/local/cuda-8.0/bin/nvcc -G -g -O0 --compile  -x c++ -o  "DepFiles/LAR_Indexing.o" "../DepFiles/LAR_Indexing.cpp"
nvcc warning : The 'compute_20', 'sm_20', and 'sm_21' architectures are deprecated, and may be removed in a future release (Use -Wno-deprecated-gpu-targets to suppress warning).
Finished building: ../DepFiles/LAR_Indexing.cpp
 
Building file: ../DepFiles/LAR_Pointwise_Specialized.cpp
Invoking: NVCC Compiler
/usr/local/cuda-8.0/bin/nvcc -G -g -O0 -gencode arch=compute_52,code=sm_52  -odir "DepFiles" -M -o "DepFiles/LAR_Pointwise_Specialized.d" "../DepFiles/LAR_Pointwise_Specialized.cpp"
/usr/local/cuda-8.0/bin/nvcc -G -g -O0 --compile  -x c++ -o  "DepFiles/LAR_Pointwise_Specialized.o" "../DepFiles/LAR_Pointwise_Specialized.cpp"
nvcc warning : The 'compute_20', 'sm_20', and 'sm_21' architectures are deprecated, and may be removed in a future release (Use -Wno-deprecated-gpu-targets to suppress warning).
Finished building: ../DepFiles/LAR_Pointwise_Specialized.cpp
 
Building file: ../DepFiles/gpu_opers_impl.cu
Invoking: NVCC Compiler
/usr/local/cuda-8.0/bin/nvcc -G -g -O0 -gencode arch=compute_52,code=sm_52  -odir "DepFiles" -M -o "DepFiles/gpu_opers_impl.d" "../DepFiles/gpu_opers_impl.cu"
/usr/local/cuda-8.0/bin/nvcc -G -g -O0 --compile --relocatable-device-code=false -gencode arch=compute_52,code=compute_52 -gencode arch=compute_52,code=sm_52  -x cu -o  "DepFiles/gpu_opers_impl.o" "../DepFiles/gpu_opers_impl.cu"
Finished building: ../DepFiles/gpu_opers_impl.cu
 
Building file: ../BC_Vector_impl/Vector_AssignmentOperators.cpp
Invoking: NVCC Compiler
/usr/local/cuda-8.0/bin/nvcc -G -g -O0 -gencode arch=compute_52,code=sm_52  -odir "BC_Vector_impl" -M -o "BC_Vector_impl/Vector_AssignmentOperators.d" "../BC_Vector_impl/Vector_AssignmentOperators.cpp"
../BC_Vector_impl/Vector_AssignmentOperators.cpp:1:20: fatal error: Vector.h: No such file or directory
compilation terminated.
make: *** [BC_Vector_impl/Vector_AssignmentOperators.o] Error 1
BC_Vector_impl/subdir.mk:21: recipe for target 'BC_Vector_impl/Vector_AssignmentOperators.o' failed

20:59:36 Build Finished (took 774ms)

