20:23:12 **** Incremental Build of configuration Debug for project BlackCat_Tensors_CUDA ****
make all 
Building file: ../src/BlackCat_Tensors_CUDA.cu
Invoking: NVCC Compiler
/usr/local/cuda-8.0/bin/nvcc -I/home/joseph/cuda-workspace/BlackCat_Tensors_CUDA/BC_Headers -G -g -O0 -std=c++11 -gencode arch=compute_52,code=sm_52  -odir "src" -M -o "src/BlackCat_Tensors_CUDA.d" "../src/BlackCat_Tensors_CUDA.cu"
/usr/local/cuda-8.0/bin/nvcc -I/home/joseph/cuda-workspace/BlackCat_Tensors_CUDA/BC_Headers -G -g -O0 -std=c++11 --compile --relocatable-device-code=false -gencode arch=compute_52,code=compute_52 -gencode arch=compute_52,code=sm_52  -x cu -o  "src/BlackCat_Tensors_CUDA.o" "../src/BlackCat_Tensors_CUDA.cu"
/home/joseph/cuda-workspace/BlackCat_Tensors_CUDA/BC_Headers/GPU_LAR.cuh(19): error: illegal combination of memory qualifiers

/home/joseph/cuda-workspace/BlackCat_Tensors_CUDA/BC_Headers/GPU_LAR.cuh(21): error: illegal combination of memory qualifiers

/home/joseph/cuda-workspace/BlackCat_Tensors_CUDA/BC_Headers/GPU_LAR.cuh(23): error: illegal combination of memory qualifiers

/home/joseph/cuda-workspace/BlackCat_Tensors_CUDA/BC_Headers/GPU_LAR.cuh(26): error: illegal combination of memory qualifiers

/home/joseph/cuda-workspace/BlackCat_Tensors_CUDA/BC_Headers/GPU_LAR.cuh(28): error: illegal combination of memory qualifiers

/home/joseph/cuda-workspace/BlackCat_Tensors_CUDA/BC_Headers/GPU_LAR.cuh(30): error: illegal combination of memory qualifiers

/home/joseph/cuda-workspace/BlackCat_Tensors_CUDA/BC_Headers/GPU_LAR.cuh(32): error: illegal combination of memory qualifiers

/home/joseph/cuda-workspace/BlackCat_Tensors_CUDA/BC_Headers/GPU_LAR.cuh(34): error: illegal combination of memory qualifiers

/home/joseph/cuda-workspace/BlackCat_Tensors_CUDA/BC_Headers/GPU_LAR.cuh(37): error: illegal combination of memory qualifiers

/home/joseph/cuda-workspace/BlackCat_Tensors_CUDA/BC_Headers/GPU_LAR.cuh(39): error: illegal combination of memory qualifiers

/home/joseph/cuda-workspace/BlackCat_Tensors_CUDA/BC_Headers/GPU_LAR.cuh(41): error: illegal combination of memory qualifiers

/home/joseph/cuda-workspace/BlackCat_Tensors_CUDA/BC_Headers/GPU_LAR.cuh(43): error: illegal combination of memory qualifiers

/home/joseph/cuda-workspace/BlackCat_Tensors_CUDA/BC_Headers/GPU_LAR.cuh(45): error: illegal combination of memory qualifiers

13 errors detected in the compilation of "/tmp/tmpxft_00004d9b_00000000-7_BlackCat_Tensors_CUDA.cpp1.ii".
make: *** [src/BlackCat_Tensors_CUDA.o] Error 2
src/subdir.mk:18: recipe for target 'src/BlackCat_Tensors_CUDA.o' failed

20:23:12 Build Finished (took 666ms)

