21:06:56 **** Build of configuration Debug for project BlackCat_Tensors_meh ****
make all 
Building target: BlackCat_Tensors_meh
Invoking: NVCC Linker
/usr/local/cuda-8.0/bin/nvcc --cudart static --relocatable-device-code=false -gencode arch=compute_52,code=compute_52 -gencode arch=compute_52,code=sm_52 -link -o  "BlackCat_Tensors_meh"  ./test.o  ./DepFiles/LAR_Indexing.o ./DepFiles/LAR_Pointwise_Specialized.o ./DepFiles/gpu_opers_impl.o  ./BC_Vector_impl/Vector_AssignmentOperators.o ./BC_Vector_impl/Vector_Constructors.o  ./BC_Tensor_impl/Tensor_AdvancedOperations.o ./BC_Tensor_impl/Tensor_AssignmentOperators.o ./BC_Tensor_impl/Tensor_BasicAccessors.o ./BC_Tensor_impl/Tensor_BoundryChecks.o ./BC_Tensor_impl/Tensor_Constructors.o ./BC_Tensor_impl/Tensor_Constructors_PrivateDotProducts.o ./BC_Tensor_impl/Tensor_DataAccessors.o ./BC_Tensor_impl/Tensor_General.o ./BC_Tensor_impl/Tensor_MovementSemantics.o ./BC_Tensor_impl/Tensor_PointwiseOperators.o  ./BC_Scalar_impl/Scalar_Constructors.o ./BC_Scalar_impl/Scalar_Operators.o  ./BC_LAR_impl/LAR_Base_Advanced.o ./BC_LAR_impl/LAR_Base_DotProducts.o ./BC_LAR_impl/LAR_Base_General_impl.o ./BC_LAR_impl/LAR_Base_Pointwise.o ./BC_LAR_impl/LAR_Complex_Advanced.o ./BC_LAR_impl/LAR_Complex_DotProducts.o ./BC_LAR_impl/LAR_Complex_General.o ./BC_LAR_impl/LAR_Complex_Pointwise.o   
./test.o: In function `main':
/home/joseph/cuda-workspace/BlackCat_Tensors/Debug/../test.cu:48: undefined reference to `cuInit'
/home/joseph/cuda-workspace/BlackCat_Tensors/Debug/../test.cu:49: undefined reference to `cuDeviceGetCount'
/home/joseph/cuda-workspace/BlackCat_Tensors/Debug/../test.cu:54: undefined reference to `cuDeviceGet'
makefile:63: recipe for target 'BlackCat_Tensors_meh' failed
/home/joseph/cuda-workspace/BlackCat_Tensors/Debug/../test.cu:55: undefined reference to `cuCtxCreate_v2'
/home/joseph/cuda-workspace/BlackCat_Tensors/Debug/../test.cu:57: undefined reference to `cuModuleLoad'
/home/joseph/cuda-workspace/BlackCat_Tensors/Debug/../test.cu:58: undefined reference to `cuModuleGetFunction'
/home/joseph/cuda-workspace/BlackCat_Tensors/Debug/../test.cu:60: undefined reference to `cuMemAlloc_v2'
/home/joseph/cuda-workspace/BlackCat_Tensors/Debug/../test.cu:61: undefined reference to `cuMemcpyHtoD_v2'
/home/joseph/cuda-workspace/BlackCat_Tensors/Debug/../test.cu:64: undefined reference to `cuLaunchKernel'
/home/joseph/cuda-workspace/BlackCat_Tensors/Debug/../test.cu:67: undefined reference to `cuMemcpyDtoH_v2'
/home/joseph/cuda-workspace/BlackCat_Tensors/Debug/../test.cu:74: undefined reference to `cuMemFree_v2'
/home/joseph/cuda-workspace/BlackCat_Tensors/Debug/../test.cu:75: undefined reference to `cuCtxDestroy_v2'
./BC_LAR_impl/LAR_Base_DotProducts.o: In function `Tensor_Operations<double>::dot(double*, unsigned int, double const*, unsigned int, unsigned int, unsigned int, double const*, unsigned int, unsigned int, unsigned int)':
/home/joseph/cuda-workspace/BlackCat_Tensors/Debug/../BC_LAR_impl/LAR_Base_DotProducts.cpp:57: undefined reference to `cblas_dgemm'
./BC_LAR_impl/LAR_Base_DotProducts.o: In function `Tensor_Operations<float>::dot(float*, unsigned int, float const*, unsigned int, unsigned int, unsigned int, float const*, unsigned int, unsigned int, unsigned int)':
/home/joseph/cuda-workspace/BlackCat_Tensors/Debug/../BC_LAR_impl/LAR_Base_DotProducts.cpp:38: undefined reference to `cblas_sgemm'
collect2: error: ld returned 1 exit status
make: *** [BlackCat_Tensors_meh] Error 1

21:06:56 Build Finished (took 369ms)

