16:51:08 **** Incremental Build of configuration Release for project BLACKCAT_NeuralNetworks ****
Info: Configuration "Release" uses tool-chain "Cygwin GCC" that is unsupported on this system, attempting to build anyway.
make all 
make: Nothing to be done for 'all'.
16:51:09 **** Incremental Build of configuration Release for project BLACKCAT_NeuralNetworks ****
Info: Configuration "Release" uses tool-chain "Cygwin GCC" that is unsupported on this system, attempting to build anyway.
make all 
make: Nothing to be done for 'all'.
16:51:19 **** Incremental Build of configuration Release for project BLACKCAT_NeuralNetworks ****
Info: Configuration "Release" uses tool-chain "Cygwin GCC" that is unsupported on this system, attempting to build anyway.
make all 
make: Nothing to be done for 'all'.
16:51:31 **** Clean-only build of configuration Debug for project BLACKCAT_NeuralNetworks ****
make clean 
rm -rf  ./BC_NN_tests/MNIST_test.o ./BC_NN_tests/Simple_QlearningTest.o ./BC_NN_tests/SnakeGame.o ./BC_NN_tests/SnakeTrainer.o ./BC_NN_tests/deprecated\ Tests.o  ./BC_NN_tests/MNIST_test.d ./BC_NN_tests/Simple_QlearningTest.d ./BC_NN_tests/SnakeGame.d ./BC_NN_tests/SnakeTrainer.d ./BC_NN_tests/deprecated\ Tests.d  BLACKCAT_NeuralNetworks
 
16:51:31 **** Incremental Build of configuration Debug for project BLACKCAT_NeuralNetworks ****
make all 
Building file: ../BC_NN_tests/MNIST_test.cpp
Invoking: GCC C++ Compiler
g++ -std=c++17 -I/home/joseph/cuda-workspace/BlackCat_Tensors/BC_Headers -I/home/joseph/cuda-workspace/BLACKCAT_NeuralNetworks/BC_NeuralNetwork_Headers -I/usr/include/atlas -O0 -g3 -Wall -c -fmessage-length=0 -MMD -MP -MF"BC_NN_tests/MNIST_test.d" -MT"BC_NN_tests/MNIST_test.d" -o "BC_NN_tests/MNIST_test.o" "../BC_NN_tests/MNIST_test.cpp"
In file included from ../BC_NN_tests/MNIST_test.cpp:3:0:
/home/joseph/cuda-workspace/BLACKCAT_NeuralNetworks/BC_NeuralNetwork_Headers/NeuralNetwork.h: In member function ‘void NeuralNetwork::realTimeTrain(const std::vector<Vector<double, CPU> >&, const std::vector<Vector<double, CPU> >&, unsigned int, unsigned int)’:
/home/joseph/cuda-workspace/BLACKCAT_NeuralNetworks/BC_NeuralNetwork_Headers/NeuralNetwork.h:90:22: warning: comparison between signed and unsigned integer expressions [-Wsign-compare]
    for (int i = 0; i < inputs.size(); ++i) {
                      ^
In file included from ../BC_NN_tests/MNIST_test.cpp:3:0:
/home/joseph/cuda-workspace/BLACKCAT_NeuralNetworks/BC_NeuralNetwork_Headers/NeuralNetwork.h: In member function ‘double NeuralNetwork::test(const std::vector<Vector<double, CPU> >&, const std::vector<Vector<double, CPU> >&)’:
/home/joseph/cuda-workspace/BLACKCAT_NeuralNetworks/BC_NeuralNetwork_Headers/NeuralNetwork.h:163:21: warning: comparison between signed and unsigned integer expressions [-Wsign-compare]
   for (int i = 0; i < inputs.size(); ++i) {
                     ^
/home/joseph/cuda-workspace/BLACKCAT_NeuralNetworks/BC_NeuralNetwork_Headers/NeuralNetwork.h: In member function ‘void NeuralNetwork::testFlat(const std::vector<Vector<double, CPU> >&, const std::vector<Vector<double, CPU> >&)’:
/home/joseph/cuda-workspace/BLACKCAT_NeuralNetworks/BC_NeuralNetwork_Headers/NeuralNetwork.h:178:21: warning: comparison between signed and unsigned integer expressions [-Wsign-compare]
   for (int i = 0; i < outputs.size(); ++i) {
                     ^
In file included from /home/joseph/cuda-workspace/BLACKCAT_NeuralNetworks/BC_NeuralNetwork_Headers/MaxPoolingLayer.h:2:0,
                 from ../BC_NN_tests/MNIST_test.cpp:5:
/home/joseph/cuda-workspace/BLACKCAT_NeuralNetworks/BC_NeuralNetwork_Headers/BC_NN_Functions.h: In function ‘void nonLin::constrain(tensor&, double, double)’:
/home/joseph/cuda-workspace/BLACKCAT_NeuralNetworks/BC_NeuralNetwork_Headers/BC_NN_Functions.h:61:21: warning: comparison between signed and unsigned integer expressions [-Wsign-compare]
   for (int i = 0; i < t.size(); ++i) {
                     ^
In file included from ../BC_NN_tests/MNIST_test.cpp:6:0:
/home/joseph/cuda-workspace/BLACKCAT_NeuralNetworks/BC_NeuralNetwork_Headers/AdjustedConvolutionalLayer.h: In member function ‘void AdjustedConvolutionalLayer::printImg(tensor&)’:
/home/joseph/cuda-workspace/BLACKCAT_NeuralNetworks/BC_NeuralNetwork_Headers/AdjustedConvolutionalLayer.h:60:21: warning: comparison between signed and unsigned integer expressions [-Wsign-compare]
   for (int z = 1; z < x.rank(2); ++z) {
                     ^
/home/joseph/cuda-workspace/BLACKCAT_NeuralNetworks/BC_NeuralNetwork_Headers/AdjustedConvolutionalLayer.h:61:22: warning: comparison between signed and unsigned integer expressions [-Wsign-compare]
    for (int r = 0; r < x.rank(1); ++r) {
                      ^
/home/joseph/cuda-workspace/BLACKCAT_NeuralNetworks/BC_NeuralNetwork_Headers/AdjustedConvolutionalLayer.h:62:22: warning: comparison between signed and unsigned integer expressions [-Wsign-compare]
     for (int c = 0; c< x.rank(0); ++c) {
                      ^
In file included from /home/joseph/cuda-workspace/BlackCat_Tensors/BC_Headers/Tensor.h:4:0,
                 from ../BC_NN_tests/MNIST_test.cpp:1:
/home/joseph/cuda-workspace/BlackCat_Tensors/BC_Headers/HelperFunctions.h: At global scope:
/home/joseph/cuda-workspace/BlackCat_Tensors/BC_Headers/HelperFunctions.h:9:14: warning: ‘void BC::copy(unsigned int*, const unsigned int*, unsigned int)’ defined but not used [-Wunused-function]
  static void copy(unsigned* save, const unsigned* data, unsigned sz) {
              ^
/home/joseph/cuda-workspace/BlackCat_Tensors/BC_Headers/HelperFunctions.h:16:14: warning: ‘void BC::mult_sum(unsigned int*, const unsigned int*, const unsigned int*, unsigned int)’ defined but not used [-Wunused-function]
  static void mult_sum(unsigned* save, const unsigned* base, const unsigned* data, unsigned data_sz) {
              ^
/home/joseph/cuda-workspace/BlackCat_Tensors/BC_Headers/HelperFunctions.h:23:18: warning: ‘unsigned int BC::calc_sz(unsigned int*, unsigned int)’ defined but not used [-Wunused-function]
  static unsigned calc_sz(unsigned* ranks, unsigned order) {
                  ^
/home/joseph/cuda-workspace/BlackCat_Tensors/BC_Headers/HelperFunctions.h:31:14: warning: ‘void BC::init_leading_dimensions(unsigned int*, unsigned int*, unsigned int)’ defined but not used [-Wunused-function]
  static void init_leading_dimensions(unsigned* leading_dim, unsigned* dim, unsigned order) {
              ^
Finished building: ../BC_NN_tests/MNIST_test.cpp
 
Building file: ../BC_NN_tests/Simple_QlearningTest.cpp
Invoking: GCC C++ Compiler
g++ -std=c++17 -I/home/joseph/cuda-workspace/BlackCat_Tensors/BC_Headers -I/home/joseph/cuda-workspace/BLACKCAT_NeuralNetworks/BC_NeuralNetwork_Headers -I/usr/include/atlas -O0 -g3 -Wall -c -fmessage-length=0 -MMD -MP -MF"BC_NN_tests/Simple_QlearningTest.d" -MT"BC_NN_tests/Simple_QlearningTest.d" -o "BC_NN_tests/Simple_QlearningTest.o" "../BC_NN_tests/Simple_QlearningTest.cpp"
In file included from /home/joseph/cuda-workspace/BlackCat_Tensors/BC_Headers/Tensor.h:4:0,
                 from ../BC_NN_tests/Simple_QlearningTest.cpp:1:
/home/joseph/cuda-workspace/BlackCat_Tensors/BC_Headers/HelperFunctions.h:9:14: warning: ‘void BC::copy(unsigned int*, const unsigned int*, unsigned int)’ defined but not used [-Wunused-function]
  static void copy(unsigned* save, const unsigned* data, unsigned sz) {
              ^
/home/joseph/cuda-workspace/BlackCat_Tensors/BC_Headers/HelperFunctions.h:16:14: warning: ‘void BC::mult_sum(unsigned int*, const unsigned int*, const unsigned int*, unsigned int)’ defined but not used [-Wunused-function]
  static void mult_sum(unsigned* save, const unsigned* base, const unsigned* data, unsigned data_sz) {
              ^
/home/joseph/cuda-workspace/BlackCat_Tensors/BC_Headers/HelperFunctions.h:23:18: warning: ‘unsigned int BC::calc_sz(unsigned int*, unsigned int)’ defined but not used [-Wunused-function]
  static unsigned calc_sz(unsigned* ranks, unsigned order) {
                  ^
/home/joseph/cuda-workspace/BlackCat_Tensors/BC_Headers/HelperFunctions.h:31:14: warning: ‘void BC::init_leading_dimensions(unsigned int*, unsigned int*, unsigned int)’ defined but not used [-Wunused-function]
  static void init_leading_dimensions(unsigned* leading_dim, unsigned* dim, unsigned order) {
              ^
Finished building: ../BC_NN_tests/Simple_QlearningTest.cpp
 
Building file: ../BC_NN_tests/SnakeGame.cpp
Invoking: GCC C++ Compiler
g++ -std=c++17 -I/home/joseph/cuda-workspace/BlackCat_Tensors/BC_Headers -I/home/joseph/cuda-workspace/BLACKCAT_NeuralNetworks/BC_NeuralNetwork_Headers -I/usr/include/atlas -O0 -g3 -Wall -c -fmessage-length=0 -MMD -MP -MF"BC_NN_tests/SnakeGame.d" -MT"BC_NN_tests/SnakeGame.d" -o "BC_NN_tests/SnakeGame.o" "../BC_NN_tests/SnakeGame.cpp"
Finished building: ../BC_NN_tests/SnakeGame.cpp
 
Building file: ../BC_NN_tests/SnakeTrainer.cpp
Invoking: GCC C++ Compiler
g++ -std=c++17 -I/home/joseph/cuda-workspace/BlackCat_Tensors/BC_Headers -I/home/joseph/cuda-workspace/BLACKCAT_NeuralNetworks/BC_NeuralNetwork_Headers -I/usr/include/atlas -O0 -g3 -Wall -c -fmessage-length=0 -MMD -MP -MF"BC_NN_tests/SnakeTrainer.d" -MT"BC_NN_tests/SnakeTrainer.d" -o "BC_NN_tests/SnakeTrainer.o" "../BC_NN_tests/SnakeTrainer.cpp"
Finished building: ../BC_NN_tests/SnakeTrainer.cpp
 
Building file: ../BC_NN_tests/deprecated Tests.cpp
Invoking: GCC C++ Compiler
g++ -std=c++17 -I/home/joseph/cuda-workspace/BlackCat_Tensors/BC_Headers -I/home/joseph/cuda-workspace/BLACKCAT_NeuralNetworks/BC_NeuralNetwork_Headers -I/usr/include/atlas -O0 -g3 -Wall -c -fmessage-length=0 -MMD -MP -MF"BC_NN_tests/deprecated Tests.d" -MT"BC_NN_tests/deprecated\ Tests.d" -o "BC_NN_tests/deprecated Tests.o" "../BC_NN_tests/deprecated Tests.cpp"
In file included from ../BC_NN_tests/deprecated Tests.cpp:5:0:
/home/joseph/cuda-workspace/BLACKCAT_NeuralNetworks/BC_NeuralNetwork_Headers/NeuralNetwork.h: In member function ‘void NeuralNetwork::realTimeTrain(const std::vector<Vector<double, CPU> >&, const std::vector<Vector<double, CPU> >&, unsigned int, unsigned int)’:
/home/joseph/cuda-workspace/BLACKCAT_NeuralNetworks/BC_NeuralNetwork_Headers/NeuralNetwork.h:90:22: warning: comparison between signed and unsigned integer expressions [-Wsign-compare]
    for (int i = 0; i < inputs.size(); ++i) {
                      ^
In file included from ../BC_NN_tests/deprecated Tests.cpp:5:0:
/home/joseph/cuda-workspace/BLACKCAT_NeuralNetworks/BC_NeuralNetwork_Headers/NeuralNetwork.h: In member function ‘double NeuralNetwork::test(const std::vector<Vector<double, CPU> >&, const std::vector<Vector<double, CPU> >&)’:
/home/joseph/cuda-workspace/BLACKCAT_NeuralNetworks/BC_NeuralNetwork_Headers/NeuralNetwork.h:163:21: warning: comparison between signed and unsigned integer expressions [-Wsign-compare]
   for (int i = 0; i < inputs.size(); ++i) {
                     ^
/home/joseph/cuda-workspace/BLACKCAT_NeuralNetworks/BC_NeuralNetwork_Headers/NeuralNetwork.h: In member function ‘void NeuralNetwork::testFlat(const std::vector<Vector<double, CPU> >&, const std::vector<Vector<double, CPU> >&)’:
/home/joseph/cuda-workspace/BLACKCAT_NeuralNetworks/BC_NeuralNetwork_Headers/NeuralNetwork.h:178:21: warning: comparison between signed and unsigned integer expressions [-Wsign-compare]
   for (int i = 0; i < outputs.size(); ++i) {
                     ^
In file included from ../BC_NN_tests/deprecated Tests.cpp:6:0:
/home/joseph/cuda-workspace/BLACKCAT_NeuralNetworks/BC_NeuralNetwork_Headers/RecurrentUnit.h: In member function ‘virtual vec RecurrentUnit::backwardPropagation_ThroughTime(vec)’:
/home/joseph/cuda-workspace/BLACKCAT_NeuralNetworks/BC_NeuralNetwork_Headers/RecurrentUnit.h:85:12: warning: suggest parentheses around ‘+’ in operand of ‘&’ [-Wparentheses]
   dc += dy + (r.T() * dc) & g.d(yt);
            ^
In file included from /home/joseph/cuda-workspace/BlackCat_Tensors/BC_Headers/Tensor.h:4:0,
                 from /home/joseph/cuda-workspace/BlackCat_Tensors/BC_Headers/BLACKCAT_EXPLICIT_INSTANTIATION.h:33,
                 from /home/joseph/cuda-workspace/BLACKCAT_NeuralNetworks/BC_NeuralNetwork_Headers/BC_NeuralNetwork_Definitions.h:4,
                 from /home/joseph/cuda-workspace/BLACKCAT_NeuralNetworks/BC_NeuralNetwork_Headers/NeuralNetwork_Structs.h:8,
                 from /home/joseph/cuda-workspace/BLACKCAT_NeuralNetworks/BC_NeuralNetwork_Headers/Layer.h:10,
                 from /home/joseph/cuda-workspace/BLACKCAT_NeuralNetworks/BC_NeuralNetwork_Headers/FeedForward.h:3,
                 from ../BC_NN_tests/deprecated Tests.cpp:2:
/home/joseph/cuda-workspace/BlackCat_Tensors/BC_Headers/HelperFunctions.h: At global scope:
/home/joseph/cuda-workspace/BlackCat_Tensors/BC_Headers/HelperFunctions.h:9:14: warning: ‘void BC::copy(unsigned int*, const unsigned int*, unsigned int)’ defined but not used [-Wunused-function]
  static void copy(unsigned* save, const unsigned* data, unsigned sz) {
              ^
/home/joseph/cuda-workspace/BlackCat_Tensors/BC_Headers/HelperFunctions.h:16:14: warning: ‘void BC::mult_sum(unsigned int*, const unsigned int*, const unsigned int*, unsigned int)’ defined but not used [-Wunused-function]
  static void mult_sum(unsigned* save, const unsigned* base, const unsigned* data, unsigned data_sz) {
              ^
/home/joseph/cuda-workspace/BlackCat_Tensors/BC_Headers/HelperFunctions.h:23:18: warning: ‘unsigned int BC::calc_sz(unsigned int*, unsigned int)’ defined but not used [-Wunused-function]
  static unsigned calc_sz(unsigned* ranks, unsigned order) {
                  ^
/home/joseph/cuda-workspace/BlackCat_Tensors/BC_Headers/HelperFunctions.h:31:14: warning: ‘void BC::init_leading_dimensions(unsigned int*, unsigned int*, unsigned int)’ defined but not used [-Wunused-function]
  static void init_leading_dimensions(unsigned* leading_dim, unsigned* dim, unsigned order) {
              ^
Finished building: ../BC_NN_tests/deprecated Tests.cpp
 
Building target: BLACKCAT_NeuralNetworks
Invoking: GCC C++ Linker
g++ -L/usr/lib/atlas-base -L/home/joseph/cuda-workspace/BlackCat_Tensors/Release -o "BLACKCAT_NeuralNetworks"  ./BC_NN_tests/MNIST_test.o ./BC_NN_tests/Simple_QlearningTest.o ./BC_NN_tests/SnakeGame.o ./BC_NN_tests/SnakeTrainer.o ./BC_NN_tests/deprecated\ Tests.o   -lBlackCat_Tensors -lcblas -lf77blas
Finished building target: BLACKCAT_NeuralNetworks
 
16:52:46 **** Incremental Build of configuration Release for project BLACKCAT_NeuralNetworks ****
Info: Configuration "Release" uses tool-chain "Cygwin GCC" that is unsupported on this system, attempting to build anyway.
make all 
Building file: ../BC_NN_tests/SnakeTrainer.cpp
Invoking: Cygwin C++ Compiler
g++ -std=c++17 -I/usr/include/atlas -I/home/joseph/cuda-workspace/BlackCat_Tensors/BC_Headers -I/home/joseph/cuda-workspace/BLACKCAT_NeuralNetworks/BC_NeuralNetwork_Headers -O2 -g -Wall -c -fmessage-length=0 -MMD -MP -MF"BC_NN_tests/SnakeTrainer.d" -MT"BC_NN_tests/SnakeTrainer.d" -o "BC_NN_tests/SnakeTrainer.o" "../BC_NN_tests/SnakeTrainer.cpp"
Finished building: ../BC_NN_tests/SnakeTrainer.cpp
 
Building file: ../BC_NN_tests/deprecated Tests.cpp
Invoking: Cygwin C++ Compiler
g++ -std=c++17 -I/usr/include/atlas -I/home/joseph/cuda-workspace/BlackCat_Tensors/BC_Headers -I/home/joseph/cuda-workspace/BLACKCAT_NeuralNetworks/BC_NeuralNetwork_Headers -O2 -g -Wall -c -fmessage-length=0 -MMD -MP -MF"BC_NN_tests/deprecated Tests.d" -MT"BC_NN_tests/deprecated\ Tests.d" -o "BC_NN_tests/deprecated Tests.o" "../BC_NN_tests/deprecated Tests.cpp"
In file included from ../BC_NN_tests/deprecated Tests.cpp:5:0:
/home/joseph/cuda-workspace/BLACKCAT_NeuralNetworks/BC_NeuralNetwork_Headers/NeuralNetwork.h: In member function ‘void NeuralNetwork::realTimeTrain(const std::vector<Vector<double, CPU> >&, const std::vector<Vector<double, CPU> >&, unsigned int, unsigned int)’:
/home/joseph/cuda-workspace/BLACKCAT_NeuralNetworks/BC_NeuralNetwork_Headers/NeuralNetwork.h:90:22: warning: comparison between signed and unsigned integer expressions [-Wsign-compare]
    for (int i = 0; i < inputs.size(); ++i) {
                      ^
In file included from ../BC_NN_tests/deprecated Tests.cpp:5:0:
/home/joseph/cuda-workspace/BLACKCAT_NeuralNetworks/BC_NeuralNetwork_Headers/NeuralNetwork.h: In member function ‘double NeuralNetwork::test(const std::vector<Vector<double, CPU> >&, const std::vector<Vector<double, CPU> >&)’:
/home/joseph/cuda-workspace/BLACKCAT_NeuralNetworks/BC_NeuralNetwork_Headers/NeuralNetwork.h:163:21: warning: comparison between signed and unsigned integer expressions [-Wsign-compare]
   for (int i = 0; i < inputs.size(); ++i) {
                     ^
/home/joseph/cuda-workspace/BLACKCAT_NeuralNetworks/BC_NeuralNetwork_Headers/NeuralNetwork.h: In member function ‘void NeuralNetwork::testFlat(const std::vector<Vector<double, CPU> >&, const std::vector<Vector<double, CPU> >&)’:
/home/joseph/cuda-workspace/BLACKCAT_NeuralNetworks/BC_NeuralNetwork_Headers/NeuralNetwork.h:178:21: warning: comparison between signed and unsigned integer expressions [-Wsign-compare]
   for (int i = 0; i < outputs.size(); ++i) {
                     ^
In file included from ../BC_NN_tests/deprecated Tests.cpp:6:0:
/home/joseph/cuda-workspace/BLACKCAT_NeuralNetworks/BC_NeuralNetwork_Headers/RecurrentUnit.h: In member function ‘virtual vec RecurrentUnit::backwardPropagation_ThroughTime(vec)’:
/home/joseph/cuda-workspace/BLACKCAT_NeuralNetworks/BC_NeuralNetwork_Headers/RecurrentUnit.h:85:12: warning: suggest parentheses around ‘+’ in operand of ‘&’ [-Wparentheses]
   dc += dy + (r.T() * dc) & g.d(yt);
            ^
In file included from /home/joseph/cuda-workspace/BlackCat_Tensors/BC_Headers/Tensor.h:4:0,
                 from /home/joseph/cuda-workspace/BlackCat_Tensors/BC_Headers/BLACKCAT_EXPLICIT_INSTANTIATION.h:33,
                 from /home/joseph/cuda-workspace/BLACKCAT_NeuralNetworks/BC_NeuralNetwork_Headers/BC_NeuralNetwork_Definitions.h:4,
                 from /home/joseph/cuda-workspace/BLACKCAT_NeuralNetworks/BC_NeuralNetwork_Headers/NeuralNetwork_Structs.h:8,
                 from /home/joseph/cuda-workspace/BLACKCAT_NeuralNetworks/BC_NeuralNetwork_Headers/Layer.h:10,
                 from /home/joseph/cuda-workspace/BLACKCAT_NeuralNetworks/BC_NeuralNetwork_Headers/FeedForward.h:3,
                 from ../BC_NN_tests/deprecated Tests.cpp:2:
/home/joseph/cuda-workspace/BlackCat_Tensors/BC_Headers/HelperFunctions.h: At global scope:
/home/joseph/cuda-workspace/BlackCat_Tensors/BC_Headers/HelperFunctions.h:9:14: warning: ‘void BC::copy(unsigned int*, const unsigned int*, unsigned int)’ defined but not used [-Wunused-function]
  static void copy(unsigned* save, const unsigned* data, unsigned sz) {
              ^
/home/joseph/cuda-workspace/BlackCat_Tensors/BC_Headers/HelperFunctions.h:16:14: warning: ‘void BC::mult_sum(unsigned int*, const unsigned int*, const unsigned int*, unsigned int)’ defined but not used [-Wunused-function]
  static void mult_sum(unsigned* save, const unsigned* base, const unsigned* data, unsigned data_sz) {
              ^
/home/joseph/cuda-workspace/BlackCat_Tensors/BC_Headers/HelperFunctions.h:23:18: warning: ‘unsigned int BC::calc_sz(unsigned int*, unsigned int)’ defined but not used [-Wunused-function]
  static unsigned calc_sz(unsigned* ranks, unsigned order) {
                  ^
/home/joseph/cuda-workspace/BlackCat_Tensors/BC_Headers/HelperFunctions.h:31:14: warning: ‘void BC::init_leading_dimensions(unsigned int*, unsigned int*, unsigned int)’ defined but not used [-Wunused-function]
  static void init_leading_dimensions(unsigned* leading_dim, unsigned* dim, unsigned order) {
              ^
Finished building: ../BC_NN_tests/deprecated Tests.cpp
 
Building target: BLACKCAT_NeuralNetworks
Invoking: Cygwin C++ Linker
g++ -L/home/joseph/cuda-workspace/BlackCat_Tensors/Release -L/usr/lib/atlas-base -o "BLACKCAT_NeuralNetworks"  ./BC_NN_tests/MNIST_test.o ./BC_NN_tests/Simple_QlearningTest.o ./BC_NN_tests/SnakeGame.o ./BC_NN_tests/SnakeTrainer.o ./BC_NN_tests/deprecated\ Tests.o   -lBlackCat_Tensors -lcblas -lf77blas
Finished building target: BLACKCAT_NeuralNetworks
 
16:52:48 **** Incremental Build of configuration Release for project BLACKCAT_NeuralNetworks ****
Info: Configuration "Release" uses tool-chain "Cygwin GCC" that is unsupported on this system, attempting to build anyway.
make all 
make: Nothing to be done for 'all'.
16:52:48 **** Incremental Build of configuration Release for project BLACKCAT_NeuralNetworks ****
Info: Configuration "Release" uses tool-chain "Cygwin GCC" that is unsupported on this system, attempting to build anyway.
make all 
make: Nothing to be done for 'all'.
16:52:49 **** Incremental Build of configuration Release for project BLACKCAT_NeuralNetworks ****
Info: Configuration "Release" uses tool-chain "Cygwin GCC" that is unsupported on this system, attempting to build anyway.
make all 
make: Nothing to be done for 'all'.
16:52:52 **** Incremental Build of configuration Debug for project BLACKCAT_NeuralNetworks ****
make all 
make: Nothing to be done for 'all'.
16:53:59 **** Incremental Build of configuration Release for project BLACKCAT_NeuralNetworks ****
Info: Configuration "Release" uses tool-chain "Cygwin GCC" that is unsupported on this system, attempting to build anyway.
make all 
Building file: ../BC_NN_tests/MNIST_test.cpp
Invoking: Cygwin C++ Compiler
g++ -std=c++17 -I/usr/include/atlas -I/home/joseph/cuda-workspace/BlackCat_Tensors/BC_Headers -I/home/joseph/cuda-workspace/BLACKCAT_NeuralNetworks/BC_NeuralNetwork_Headers -O2 -g -Wall -c -fmessage-length=0 -MMD -MP -MF"BC_NN_tests/MNIST_test.d" -MT"BC_NN_tests/MNIST_test.d" -o "BC_NN_tests/MNIST_test.o" "../BC_NN_tests/MNIST_test.cpp"
In file included from ../BC_NN_tests/MNIST_test.cpp:3:0:
/home/joseph/cuda-workspace/BLACKCAT_NeuralNetworks/BC_NeuralNetwork_Headers/NeuralNetwork.h: In member function ‘void NeuralNetwork::realTimeTrain(const std::vector<Vector<double, CPU> >&, const std::vector<Vector<double, CPU> >&, unsigned int, unsigned int)’:
/home/joseph/cuda-workspace/BLACKCAT_NeuralNetworks/BC_NeuralNetwork_Headers/NeuralNetwork.h:90:22: warning: comparison between signed and unsigned integer expressions [-Wsign-compare]
    for (int i = 0; i < inputs.size(); ++i) {
                      ^
In file included from ../BC_NN_tests/MNIST_test.cpp:3:0:
/home/joseph/cuda-workspace/BLACKCAT_NeuralNetworks/BC_NeuralNetwork_Headers/NeuralNetwork.h: In member function ‘double NeuralNetwork::test(const std::vector<Vector<double, CPU> >&, const std::vector<Vector<double, CPU> >&)’:
/home/joseph/cuda-workspace/BLACKCAT_NeuralNetworks/BC_NeuralNetwork_Headers/NeuralNetwork.h:163:21: warning: comparison between signed and unsigned integer expressions [-Wsign-compare]
   for (int i = 0; i < inputs.size(); ++i) {
                     ^
/home/joseph/cuda-workspace/BLACKCAT_NeuralNetworks/BC_NeuralNetwork_Headers/NeuralNetwork.h: In member function ‘void NeuralNetwork::testFlat(const std::vector<Vector<double, CPU> >&, const std::vector<Vector<double, CPU> >&)’:
/home/joseph/cuda-workspace/BLACKCAT_NeuralNetworks/BC_NeuralNetwork_Headers/NeuralNetwork.h:178:21: warning: comparison between signed and unsigned integer expressions [-Wsign-compare]
   for (int i = 0; i < outputs.size(); ++i) {
                     ^
In file included from /home/joseph/cuda-workspace/BLACKCAT_NeuralNetworks/BC_NeuralNetwork_Headers/MaxPoolingLayer.h:2:0,
                 from ../BC_NN_tests/MNIST_test.cpp:5:
/home/joseph/cuda-workspace/BLACKCAT_NeuralNetworks/BC_NeuralNetwork_Headers/BC_NN_Functions.h: In function ‘void nonLin::constrain(tensor&, double, double)’:
/home/joseph/cuda-workspace/BLACKCAT_NeuralNetworks/BC_NeuralNetwork_Headers/BC_NN_Functions.h:61:21: warning: comparison between signed and unsigned integer expressions [-Wsign-compare]
   for (int i = 0; i < t.size(); ++i) {
                     ^
In file included from ../BC_NN_tests/MNIST_test.cpp:6:0:
/home/joseph/cuda-workspace/BLACKCAT_NeuralNetworks/BC_NeuralNetwork_Headers/AdjustedConvolutionalLayer.h: In member function ‘void AdjustedConvolutionalLayer::printImg(tensor&)’:
/home/joseph/cuda-workspace/BLACKCAT_NeuralNetworks/BC_NeuralNetwork_Headers/AdjustedConvolutionalLayer.h:60:21: warning: comparison between signed and unsigned integer expressions [-Wsign-compare]
   for (int z = 1; z < x.rank(2); ++z) {
                     ^
/home/joseph/cuda-workspace/BLACKCAT_NeuralNetworks/BC_NeuralNetwork_Headers/AdjustedConvolutionalLayer.h:61:22: warning: comparison between signed and unsigned integer expressions [-Wsign-compare]
    for (int r = 0; r < x.rank(1); ++r) {
                      ^
/home/joseph/cuda-workspace/BLACKCAT_NeuralNetworks/BC_NeuralNetwork_Headers/AdjustedConvolutionalLayer.h:62:22: warning: comparison between signed and unsigned integer expressions [-Wsign-compare]
     for (int c = 0; c< x.rank(0); ++c) {
                      ^
In file included from ../BC_NN_tests/MNIST_test.cpp:3:0:
/home/joseph/cuda-workspace/BLACKCAT_NeuralNetworks/BC_NeuralNetwork_Headers/NeuralNetwork.h: In member function ‘void NeuralNetwork::realTimeTrain(const std::vector<Vector<double, CPU> >&, const std::vector<Vector<double, CPU> >&, unsigned int, unsigned int)’:
/home/joseph/cuda-workspace/BLACKCAT_NeuralNetworks/BC_NeuralNetwork_Headers/NeuralNetwork.h:104:19: warning: ‘total_ic’ may be used uninitialized in this function [-Wmaybe-uninitialized]
      total_ic += 1;
                   ^
/home/joseph/cuda-workspace/BLACKCAT_NeuralNetworks/BC_NeuralNetwork_Headers/NeuralNetwork.h:100:19: warning: ‘total_pc’ may be used uninitialized in this function [-Wmaybe-uninitialized]
      total_pc += 1;
                   ^
/home/joseph/cuda-workspace/BLACKCAT_NeuralNetworks/BC_NeuralNetwork_Headers/NeuralNetwork.h: In function ‘int percept_MNIST()’:
/home/joseph/cuda-workspace/BLACKCAT_NeuralNetworks/BC_NeuralNetwork_Headers/NeuralNetwork.h:104:19: warning: ‘total_ic’ may be used uninitialized in this function [-Wmaybe-uninitialized]
      total_ic += 1;
                   ^
/home/joseph/cuda-workspace/BLACKCAT_NeuralNetworks/BC_NeuralNetwork_Headers/NeuralNetwork.h:87:9: note: ‘total_ic’ was declared here
   float total_ic;
         ^
/home/joseph/cuda-workspace/BLACKCAT_NeuralNetworks/BC_NeuralNetwork_Headers/NeuralNetwork.h:100:19: warning: ‘total_pc’ may be used uninitialized in this function [-Wmaybe-uninitialized]
      total_pc += 1;
                   ^
/home/joseph/cuda-workspace/BLACKCAT_NeuralNetworks/BC_NeuralNetwork_Headers/NeuralNetwork.h:86:9: note: ‘total_pc’ was declared here
   float total_pc;
         ^
In file included from /home/joseph/cuda-workspace/BlackCat_Tensors/BC_Headers/Tensor.h:4:0,
                 from ../BC_NN_tests/MNIST_test.cpp:1:
/home/joseph/cuda-workspace/BlackCat_Tensors/BC_Headers/HelperFunctions.h: At global scope:
/home/joseph/cuda-workspace/BlackCat_Tensors/BC_Headers/HelperFunctions.h:9:14: warning: ‘void BC::copy(unsigned int*, const unsigned int*, unsigned int)’ defined but not used [-Wunused-function]
  static void copy(unsigned* save, const unsigned* data, unsigned sz) {
              ^
/home/joseph/cuda-workspace/BlackCat_Tensors/BC_Headers/HelperFunctions.h:16:14: warning: ‘void BC::mult_sum(unsigned int*, const unsigned int*, const unsigned int*, unsigned int)’ defined but not used [-Wunused-function]
  static void mult_sum(unsigned* save, const unsigned* base, const unsigned* data, unsigned data_sz) {
              ^
/home/joseph/cuda-workspace/BlackCat_Tensors/BC_Headers/HelperFunctions.h:23:18: warning: ‘unsigned int BC::calc_sz(unsigned int*, unsigned int)’ defined but not used [-Wunused-function]
  static unsigned calc_sz(unsigned* ranks, unsigned order) {
                  ^
/home/joseph/cuda-workspace/BlackCat_Tensors/BC_Headers/HelperFunctions.h:31:14: warning: ‘void BC::init_leading_dimensions(unsigned int*, unsigned int*, unsigned int)’ defined but not used [-Wunused-function]
  static void init_leading_dimensions(unsigned* leading_dim, unsigned* dim, unsigned order) {
              ^
Finished building: ../BC_NN_tests/MNIST_test.cpp
 
Building target: BLACKCAT_NeuralNetworks
Invoking: Cygwin C++ Linker
g++ -L/home/joseph/cuda-workspace/BlackCat_Tensors/Release -L/usr/lib/atlas-base -o "BLACKCAT_NeuralNetworks"  ./BC_NN_tests/MNIST_test.o ./BC_NN_tests/Simple_QlearningTest.o ./BC_NN_tests/SnakeGame.o ./BC_NN_tests/SnakeTrainer.o ./BC_NN_tests/deprecated\ Tests.o   -lBlackCat_Tensors -lcblas -lf77blas
Finished building target: BLACKCAT_NeuralNetworks
 
16:54:02 **** Incremental Build of configuration Debug for project BLACKCAT_NeuralNetworks ****
make all 
Building file: ../BC_NN_tests/MNIST_test.cpp
Invoking: GCC C++ Compiler
g++ -std=c++17 -I/home/joseph/cuda-workspace/BlackCat_Tensors/BC_Headers -I/home/joseph/cuda-workspace/BLACKCAT_NeuralNetworks/BC_NeuralNetwork_Headers -I/usr/include/atlas -O0 -g3 -Wall -c -fmessage-length=0 -MMD -MP -MF"BC_NN_tests/MNIST_test.d" -MT"BC_NN_tests/MNIST_test.d" -o "BC_NN_tests/MNIST_test.o" "../BC_NN_tests/MNIST_test.cpp"
In file included from ../BC_NN_tests/MNIST_test.cpp:3:0:
/home/joseph/cuda-workspace/BLACKCAT_NeuralNetworks/BC_NeuralNetwork_Headers/NeuralNetwork.h: In member function ‘void NeuralNetwork::realTimeTrain(const std::vector<Vector<double, CPU> >&, const std::vector<Vector<double, CPU> >&, unsigned int, unsigned int)’:
/home/joseph/cuda-workspace/BLACKCAT_NeuralNetworks/BC_NeuralNetwork_Headers/NeuralNetwork.h:90:22: warning: comparison between signed and unsigned integer expressions [-Wsign-compare]
    for (int i = 0; i < inputs.size(); ++i) {
                      ^
In file included from ../BC_NN_tests/MNIST_test.cpp:3:0:
/home/joseph/cuda-workspace/BLACKCAT_NeuralNetworks/BC_NeuralNetwork_Headers/NeuralNetwork.h: In member function ‘double NeuralNetwork::test(const std::vector<Vector<double, CPU> >&, const std::vector<Vector<double, CPU> >&)’:
/home/joseph/cuda-workspace/BLACKCAT_NeuralNetworks/BC_NeuralNetwork_Headers/NeuralNetwork.h:163:21: warning: comparison between signed and unsigned integer expressions [-Wsign-compare]
   for (int i = 0; i < inputs.size(); ++i) {
                     ^
/home/joseph/cuda-workspace/BLACKCAT_NeuralNetworks/BC_NeuralNetwork_Headers/NeuralNetwork.h: In member function ‘void NeuralNetwork::testFlat(const std::vector<Vector<double, CPU> >&, const std::vector<Vector<double, CPU> >&)’:
/home/joseph/cuda-workspace/BLACKCAT_NeuralNetworks/BC_NeuralNetwork_Headers/NeuralNetwork.h:178:21: warning: comparison between signed and unsigned integer expressions [-Wsign-compare]
   for (int i = 0; i < outputs.size(); ++i) {
                     ^
In file included from /home/joseph/cuda-workspace/BLACKCAT_NeuralNetworks/BC_NeuralNetwork_Headers/MaxPoolingLayer.h:2:0,
                 from ../BC_NN_tests/MNIST_test.cpp:5:
/home/joseph/cuda-workspace/BLACKCAT_NeuralNetworks/BC_NeuralNetwork_Headers/BC_NN_Functions.h: In function ‘void nonLin::constrain(tensor&, double, double)’:
/home/joseph/cuda-workspace/BLACKCAT_NeuralNetworks/BC_NeuralNetwork_Headers/BC_NN_Functions.h:61:21: warning: comparison between signed and unsigned integer expressions [-Wsign-compare]
   for (int i = 0; i < t.size(); ++i) {
                     ^
In file included from ../BC_NN_tests/MNIST_test.cpp:6:0:
/home/joseph/cuda-workspace/BLACKCAT_NeuralNetworks/BC_NeuralNetwork_Headers/AdjustedConvolutionalLayer.h: In member function ‘void AdjustedConvolutionalLayer::printImg(tensor&)’:
/home/joseph/cuda-workspace/BLACKCAT_NeuralNetworks/BC_NeuralNetwork_Headers/AdjustedConvolutionalLayer.h:60:21: warning: comparison between signed and unsigned integer expressions [-Wsign-compare]
   for (int z = 1; z < x.rank(2); ++z) {
                     ^
/home/joseph/cuda-workspace/BLACKCAT_NeuralNetworks/BC_NeuralNetwork_Headers/AdjustedConvolutionalLayer.h:61:22: warning: comparison between signed and unsigned integer expressions [-Wsign-compare]
    for (int r = 0; r < x.rank(1); ++r) {
                      ^
/home/joseph/cuda-workspace/BLACKCAT_NeuralNetworks/BC_NeuralNetwork_Headers/AdjustedConvolutionalLayer.h:62:22: warning: comparison between signed and unsigned integer expressions [-Wsign-compare]
     for (int c = 0; c< x.rank(0); ++c) {
                      ^
In file included from /home/joseph/cuda-workspace/BlackCat_Tensors/BC_Headers/Tensor.h:4:0,
                 from ../BC_NN_tests/MNIST_test.cpp:1:
/home/joseph/cuda-workspace/BlackCat_Tensors/BC_Headers/HelperFunctions.h: At global scope:
/home/joseph/cuda-workspace/BlackCat_Tensors/BC_Headers/HelperFunctions.h:9:14: warning: ‘void BC::copy(unsigned int*, const unsigned int*, unsigned int)’ defined but not used [-Wunused-function]
  static void copy(unsigned* save, const unsigned* data, unsigned sz) {
              ^
/home/joseph/cuda-workspace/BlackCat_Tensors/BC_Headers/HelperFunctions.h:16:14: warning: ‘void BC::mult_sum(unsigned int*, const unsigned int*, const unsigned int*, unsigned int)’ defined but not used [-Wunused-function]
  static void mult_sum(unsigned* save, const unsigned* base, const unsigned* data, unsigned data_sz) {
              ^
/home/joseph/cuda-workspace/BlackCat_Tensors/BC_Headers/HelperFunctions.h:23:18: warning: ‘unsigned int BC::calc_sz(unsigned int*, unsigned int)’ defined but not used [-Wunused-function]
  static unsigned calc_sz(unsigned* ranks, unsigned order) {
                  ^
/home/joseph/cuda-workspace/BlackCat_Tensors/BC_Headers/HelperFunctions.h:31:14: warning: ‘void BC::init_leading_dimensions(unsigned int*, unsigned int*, unsigned int)’ defined but not used [-Wunused-function]
  static void init_leading_dimensions(unsigned* leading_dim, unsigned* dim, unsigned order) {
              ^
Finished building: ../BC_NN_tests/MNIST_test.cpp
 
Building target: BLACKCAT_NeuralNetworks
Invoking: GCC C++ Linker
g++ -L/usr/lib/atlas-base -L/home/joseph/cuda-workspace/BlackCat_Tensors/Release -o "BLACKCAT_NeuralNetworks"  ./BC_NN_tests/MNIST_test.o ./BC_NN_tests/Simple_QlearningTest.o ./BC_NN_tests/SnakeGame.o ./BC_NN_tests/SnakeTrainer.o ./BC_NN_tests/deprecated\ Tests.o   -lBlackCat_Tensors -lcblas -lf77blas
Finished building target: BLACKCAT_NeuralNetworks
 
16:54:16 **** Incremental Build of configuration Release for project BLACKCAT_NeuralNetworks ****
Info: Configuration "Release" uses tool-chain "Cygwin GCC" that is unsupported on this system, attempting to build anyway.
make all 
Building file: ../BC_NN_tests/MNIST_test.cpp
Invoking: Cygwin C++ Compiler
g++ -std=c++17 -I/usr/include/atlas -I/home/joseph/cuda-workspace/BlackCat_Tensors/BC_Headers -I/home/joseph/cuda-workspace/BLACKCAT_NeuralNetworks/BC_NeuralNetwork_Headers -O2 -g -Wall -c -fmessage-length=0 -MMD -MP -MF"BC_NN_tests/MNIST_test.d" -MT"BC_NN_tests/MNIST_test.d" -o "BC_NN_tests/MNIST_test.o" "../BC_NN_tests/MNIST_test.cpp"
In file included from ../BC_NN_tests/MNIST_test.cpp:3:0:
/home/joseph/cuda-workspace/BLACKCAT_NeuralNetworks/BC_NeuralNetwork_Headers/NeuralNetwork.h: In member function ‘void NeuralNetwork::realTimeTrain(const std::vector<Vector<double, CPU> >&, const std::vector<Vector<double, CPU> >&, unsigned int, unsigned int)’:
/home/joseph/cuda-workspace/BLACKCAT_NeuralNetworks/BC_NeuralNetwork_Headers/NeuralNetwork.h:90:22: warning: comparison between signed and unsigned integer expressions [-Wsign-compare]
    for (int i = 0; i < inputs.size(); ++i) {
                      ^
In file included from ../BC_NN_tests/MNIST_test.cpp:3:0:
/home/joseph/cuda-workspace/BLACKCAT_NeuralNetworks/BC_NeuralNetwork_Headers/NeuralNetwork.h: In member function ‘double NeuralNetwork::test(const std::vector<Vector<double, CPU> >&, const std::vector<Vector<double, CPU> >&)’:
/home/joseph/cuda-workspace/BLACKCAT_NeuralNetworks/BC_NeuralNetwork_Headers/NeuralNetwork.h:163:21: warning: comparison between signed and unsigned integer expressions [-Wsign-compare]
   for (int i = 0; i < inputs.size(); ++i) {
                     ^
/home/joseph/cuda-workspace/BLACKCAT_NeuralNetworks/BC_NeuralNetwork_Headers/NeuralNetwork.h: In member function ‘void NeuralNetwork::testFlat(const std::vector<Vector<double, CPU> >&, const std::vector<Vector<double, CPU> >&)’:
/home/joseph/cuda-workspace/BLACKCAT_NeuralNetworks/BC_NeuralNetwork_Headers/NeuralNetwork.h:178:21: warning: comparison between signed and unsigned integer expressions [-Wsign-compare]
   for (int i = 0; i < outputs.size(); ++i) {
                     ^
In file included from /home/joseph/cuda-workspace/BLACKCAT_NeuralNetworks/BC_NeuralNetwork_Headers/MaxPoolingLayer.h:2:0,
                 from ../BC_NN_tests/MNIST_test.cpp:5:
/home/joseph/cuda-workspace/BLACKCAT_NeuralNetworks/BC_NeuralNetwork_Headers/BC_NN_Functions.h: In function ‘void nonLin::constrain(tensor&, double, double)’:
/home/joseph/cuda-workspace/BLACKCAT_NeuralNetworks/BC_NeuralNetwork_Headers/BC_NN_Functions.h:61:21: warning: comparison between signed and unsigned integer expressions [-Wsign-compare]
   for (int i = 0; i < t.size(); ++i) {
                     ^
In file included from ../BC_NN_tests/MNIST_test.cpp:6:0:
/home/joseph/cuda-workspace/BLACKCAT_NeuralNetworks/BC_NeuralNetwork_Headers/AdjustedConvolutionalLayer.h: In member function ‘void AdjustedConvolutionalLayer::printImg(tensor&)’:
/home/joseph/cuda-workspace/BLACKCAT_NeuralNetworks/BC_NeuralNetwork_Headers/AdjustedConvolutionalLayer.h:60:21: warning: comparison between signed and unsigned integer expressions [-Wsign-compare]
   for (int z = 1; z < x.rank(2); ++z) {
                     ^
/home/joseph/cuda-workspace/BLACKCAT_NeuralNetworks/BC_NeuralNetwork_Headers/AdjustedConvolutionalLayer.h:61:22: warning: comparison between signed and unsigned integer expressions [-Wsign-compare]
    for (int r = 0; r < x.rank(1); ++r) {
                      ^
/home/joseph/cuda-workspace/BLACKCAT_NeuralNetworks/BC_NeuralNetwork_Headers/AdjustedConvolutionalLayer.h:62:22: warning: comparison between signed and unsigned integer expressions [-Wsign-compare]
     for (int c = 0; c< x.rank(0); ++c) {
                      ^
In file included from ../BC_NN_tests/MNIST_test.cpp:3:0:
/home/joseph/cuda-workspace/BLACKCAT_NeuralNetworks/BC_NeuralNetwork_Headers/NeuralNetwork.h: In member function ‘void NeuralNetwork::realTimeTrain(const std::vector<Vector<double, CPU> >&, const std::vector<Vector<double, CPU> >&, unsigned int, unsigned int)’:
/home/joseph/cuda-workspace/BLACKCAT_NeuralNetworks/BC_NeuralNetwork_Headers/NeuralNetwork.h:104:19: warning: ‘total_ic’ may be used uninitialized in this function [-Wmaybe-uninitialized]
      total_ic += 1;
                   ^
/home/joseph/cuda-workspace/BLACKCAT_NeuralNetworks/BC_NeuralNetwork_Headers/NeuralNetwork.h:100:19: warning: ‘total_pc’ may be used uninitialized in this function [-Wmaybe-uninitialized]
      total_pc += 1;
                   ^
/home/joseph/cuda-workspace/BLACKCAT_NeuralNetworks/BC_NeuralNetwork_Headers/NeuralNetwork.h: In function ‘int percept_MNIST()’:
/home/joseph/cuda-workspace/BLACKCAT_NeuralNetworks/BC_NeuralNetwork_Headers/NeuralNetwork.h:104:19: warning: ‘total_ic’ may be used uninitialized in this function [-Wmaybe-uninitialized]
      total_ic += 1;
                   ^
/home/joseph/cuda-workspace/BLACKCAT_NeuralNetworks/BC_NeuralNetwork_Headers/NeuralNetwork.h:87:9: note: ‘total_ic’ was declared here
   float total_ic;
         ^
/home/joseph/cuda-workspace/BLACKCAT_NeuralNetworks/BC_NeuralNetwork_Headers/NeuralNetwork.h:100:19: warning: ‘total_pc’ may be used uninitialized in this function [-Wmaybe-uninitialized]
      total_pc += 1;
                   ^
/home/joseph/cuda-workspace/BLACKCAT_NeuralNetworks/BC_NeuralNetwork_Headers/NeuralNetwork.h:86:9: note: ‘total_pc’ was declared here
   float total_pc;
         ^
In file included from /home/joseph/cuda-workspace/BlackCat_Tensors/BC_Headers/Tensor.h:4:0,
                 from ../BC_NN_tests/MNIST_test.cpp:1:
/home/joseph/cuda-workspace/BlackCat_Tensors/BC_Headers/HelperFunctions.h: At global scope:
/home/joseph/cuda-workspace/BlackCat_Tensors/BC_Headers/HelperFunctions.h:9:14: warning: ‘void BC::copy(unsigned int*, const unsigned int*, unsigned int)’ defined but not used [-Wunused-function]
  static void copy(unsigned* save, const unsigned* data, unsigned sz) {
              ^
/home/joseph/cuda-workspace/BlackCat_Tensors/BC_Headers/HelperFunctions.h:16:14: warning: ‘void BC::mult_sum(unsigned int*, const unsigned int*, const unsigned int*, unsigned int)’ defined but not used [-Wunused-function]
  static void mult_sum(unsigned* save, const unsigned* base, const unsigned* data, unsigned data_sz) {
              ^
/home/joseph/cuda-workspace/BlackCat_Tensors/BC_Headers/HelperFunctions.h:23:18: warning: ‘unsigned int BC::calc_sz(unsigned int*, unsigned int)’ defined but not used [-Wunused-function]
  static unsigned calc_sz(unsigned* ranks, unsigned order) {
                  ^
/home/joseph/cuda-workspace/BlackCat_Tensors/BC_Headers/HelperFunctions.h:31:14: warning: ‘void BC::init_leading_dimensions(unsigned int*, unsigned int*, unsigned int)’ defined but not used [-Wunused-function]
  static void init_leading_dimensions(unsigned* leading_dim, unsigned* dim, unsigned order) {
              ^
Finished building: ../BC_NN_tests/MNIST_test.cpp
 
Building target: BLACKCAT_NeuralNetworks
Invoking: Cygwin C++ Linker
g++ -L/home/joseph/cuda-workspace/BlackCat_Tensors/Release -L/usr/lib/atlas-base -o "BLACKCAT_NeuralNetworks"  ./BC_NN_tests/MNIST_test.o ./BC_NN_tests/Simple_QlearningTest.o ./BC_NN_tests/SnakeGame.o ./BC_NN_tests/SnakeTrainer.o ./BC_NN_tests/deprecated\ Tests.o   -lBlackCat_Tensors -lcblas -lf77blas
Finished building target: BLACKCAT_NeuralNetworks
 
16:54:19 **** Incremental Build of configuration Debug for project BLACKCAT_NeuralNetworks ****
make all 
Building file: ../BC_NN_tests/MNIST_test.cpp
Invoking: GCC C++ Compiler
g++ -std=c++17 -I/home/joseph/cuda-workspace/BlackCat_Tensors/BC_Headers -I/home/joseph/cuda-workspace/BLACKCAT_NeuralNetworks/BC_NeuralNetwork_Headers -I/usr/include/atlas -O0 -g3 -Wall -c -fmessage-length=0 -MMD -MP -MF"BC_NN_tests/MNIST_test.d" -MT"BC_NN_tests/MNIST_test.d" -o "BC_NN_tests/MNIST_test.o" "../BC_NN_tests/MNIST_test.cpp"
In file included from ../BC_NN_tests/MNIST_test.cpp:3:0:
/home/joseph/cuda-workspace/BLACKCAT_NeuralNetworks/BC_NeuralNetwork_Headers/NeuralNetwork.h: In member function ‘void NeuralNetwork::realTimeTrain(const std::vector<Vector<double, CPU> >&, const std::vector<Vector<double, CPU> >&, unsigned int, unsigned int)’:
/home/joseph/cuda-workspace/BLACKCAT_NeuralNetworks/BC_NeuralNetwork_Headers/NeuralNetwork.h:90:22: warning: comparison between signed and unsigned integer expressions [-Wsign-compare]
    for (int i = 0; i < inputs.size(); ++i) {
                      ^
In file included from ../BC_NN_tests/MNIST_test.cpp:3:0:
/home/joseph/cuda-workspace/BLACKCAT_NeuralNetworks/BC_NeuralNetwork_Headers/NeuralNetwork.h: In member function ‘double NeuralNetwork::test(const std::vector<Vector<double, CPU> >&, const std::vector<Vector<double, CPU> >&)’:
/home/joseph/cuda-workspace/BLACKCAT_NeuralNetworks/BC_NeuralNetwork_Headers/NeuralNetwork.h:163:21: warning: comparison between signed and unsigned integer expressions [-Wsign-compare]
   for (int i = 0; i < inputs.size(); ++i) {
                     ^
/home/joseph/cuda-workspace/BLACKCAT_NeuralNetworks/BC_NeuralNetwork_Headers/NeuralNetwork.h: In member function ‘void NeuralNetwork::testFlat(const std::vector<Vector<double, CPU> >&, const std::vector<Vector<double, CPU> >&)’:
/home/joseph/cuda-workspace/BLACKCAT_NeuralNetworks/BC_NeuralNetwork_Headers/NeuralNetwork.h:178:21: warning: comparison between signed and unsigned integer expressions [-Wsign-compare]
   for (int i = 0; i < outputs.size(); ++i) {
                     ^
In file included from /home/joseph/cuda-workspace/BLACKCAT_NeuralNetworks/BC_NeuralNetwork_Headers/MaxPoolingLayer.h:2:0,
                 from ../BC_NN_tests/MNIST_test.cpp:5:
/home/joseph/cuda-workspace/BLACKCAT_NeuralNetworks/BC_NeuralNetwork_Headers/BC_NN_Functions.h: In function ‘void nonLin::constrain(tensor&, double, double)’:
/home/joseph/cuda-workspace/BLACKCAT_NeuralNetworks/BC_NeuralNetwork_Headers/BC_NN_Functions.h:61:21: warning: comparison between signed and unsigned integer expressions [-Wsign-compare]
   for (int i = 0; i < t.size(); ++i) {
                     ^
In file included from ../BC_NN_tests/MNIST_test.cpp:6:0:
/home/joseph/cuda-workspace/BLACKCAT_NeuralNetworks/BC_NeuralNetwork_Headers/AdjustedConvolutionalLayer.h: In member function ‘void AdjustedConvolutionalLayer::printImg(tensor&)’:
/home/joseph/cuda-workspace/BLACKCAT_NeuralNetworks/BC_NeuralNetwork_Headers/AdjustedConvolutionalLayer.h:60:21: warning: comparison between signed and unsigned integer expressions [-Wsign-compare]
   for (int z = 1; z < x.rank(2); ++z) {
                     ^
/home/joseph/cuda-workspace/BLACKCAT_NeuralNetworks/BC_NeuralNetwork_Headers/AdjustedConvolutionalLayer.h:61:22: warning: comparison between signed and unsigned integer expressions [-Wsign-compare]
    for (int r = 0; r < x.rank(1); ++r) {
                      ^
/home/joseph/cuda-workspace/BLACKCAT_NeuralNetworks/BC_NeuralNetwork_Headers/AdjustedConvolutionalLayer.h:62:22: warning: comparison between signed and unsigned integer expressions [-Wsign-compare]
     for (int c = 0; c< x.rank(0); ++c) {
                      ^
In file included from /home/joseph/cuda-workspace/BlackCat_Tensors/BC_Headers/Tensor.h:4:0,
                 from ../BC_NN_tests/MNIST_test.cpp:1:
/home/joseph/cuda-workspace/BlackCat_Tensors/BC_Headers/HelperFunctions.h: At global scope:
/home/joseph/cuda-workspace/BlackCat_Tensors/BC_Headers/HelperFunctions.h:9:14: warning: ‘void BC::copy(unsigned int*, const unsigned int*, unsigned int)’ defined but not used [-Wunused-function]
  static void copy(unsigned* save, const unsigned* data, unsigned sz) {
              ^
/home/joseph/cuda-workspace/BlackCat_Tensors/BC_Headers/HelperFunctions.h:16:14: warning: ‘void BC::mult_sum(unsigned int*, const unsigned int*, const unsigned int*, unsigned int)’ defined but not used [-Wunused-function]
  static void mult_sum(unsigned* save, const unsigned* base, const unsigned* data, unsigned data_sz) {
              ^
/home/joseph/cuda-workspace/BlackCat_Tensors/BC_Headers/HelperFunctions.h:23:18: warning: ‘unsigned int BC::calc_sz(unsigned int*, unsigned int)’ defined but not used [-Wunused-function]
  static unsigned calc_sz(unsigned* ranks, unsigned order) {
                  ^
/home/joseph/cuda-workspace/BlackCat_Tensors/BC_Headers/HelperFunctions.h:31:14: warning: ‘void BC::init_leading_dimensions(unsigned int*, unsigned int*, unsigned int)’ defined but not used [-Wunused-function]
  static void init_leading_dimensions(unsigned* leading_dim, unsigned* dim, unsigned order) {
              ^
Finished building: ../BC_NN_tests/MNIST_test.cpp
 
Building target: BLACKCAT_NeuralNetworks
Invoking: GCC C++ Linker
g++ -L/usr/lib/atlas-base -L/home/joseph/cuda-workspace/BlackCat_Tensors/Release -o "BLACKCAT_NeuralNetworks"  ./BC_NN_tests/MNIST_test.o ./BC_NN_tests/Simple_QlearningTest.o ./BC_NN_tests/SnakeGame.o ./BC_NN_tests/SnakeTrainer.o ./BC_NN_tests/deprecated\ Tests.o   -lBlackCat_Tensors -lcblas -lf77blas
Finished building target: BLACKCAT_NeuralNetworks
 
16:55:15 **** Incremental Build of configuration Release for project BLACKCAT_NeuralNetworks ****
Info: Configuration "Release" uses tool-chain "Cygwin GCC" that is unsupported on this system, attempting to build anyway.
make all 
Building file: ../BC_NN_tests/SnakeTrainer.cpp
Invoking: Cygwin C++ Compiler
g++ -std=c++17 -I/usr/include/atlas -I/home/joseph/cuda-workspace/BlackCat_Tensors/BC_Headers -I/home/joseph/cuda-workspace/BLACKCAT_NeuralNetworks/BC_NeuralNetwork_Headers -O2 -g -Wall -c -fmessage-length=0 -MMD -MP -MF"BC_NN_tests/SnakeTrainer.d" -MT"BC_NN_tests/SnakeTrainer.d" -o "BC_NN_tests/SnakeTrainer.o" "../BC_NN_tests/SnakeTrainer.cpp"
Finished building: ../BC_NN_tests/SnakeTrainer.cpp
 
Building file: ../BC_NN_tests/deprecated Tests.cpp
Invoking: Cygwin C++ Compiler
g++ -std=c++17 -I/usr/include/atlas -I/home/joseph/cuda-workspace/BlackCat_Tensors/BC_Headers -I/home/joseph/cuda-workspace/BLACKCAT_NeuralNetworks/BC_NeuralNetwork_Headers -O2 -g -Wall -c -fmessage-length=0 -MMD -MP -MF"BC_NN_tests/deprecated Tests.d" -MT"BC_NN_tests/deprecated\ Tests.d" -o "BC_NN_tests/deprecated Tests.o" "../BC_NN_tests/deprecated Tests.cpp"
In file included from ../BC_NN_tests/deprecated Tests.cpp:5:0:
/home/joseph/cuda-workspace/BLACKCAT_NeuralNetworks/BC_NeuralNetwork_Headers/NeuralNetwork.h: In member function ‘void NeuralNetwork::realTimeTrain(const std::vector<Vector<double, CPU> >&, const std::vector<Vector<double, CPU> >&, unsigned int, unsigned int)’:
/home/joseph/cuda-workspace/BLACKCAT_NeuralNetworks/BC_NeuralNetwork_Headers/NeuralNetwork.h:90:22: warning: comparison between signed and unsigned integer expressions [-Wsign-compare]
    for (int i = 0; i < inputs.size(); ++i) {
                      ^
In file included from ../BC_NN_tests/deprecated Tests.cpp:5:0:
/home/joseph/cuda-workspace/BLACKCAT_NeuralNetworks/BC_NeuralNetwork_Headers/NeuralNetwork.h: In member function ‘double NeuralNetwork::test(const std::vector<Vector<double, CPU> >&, const std::vector<Vector<double, CPU> >&)’:
/home/joseph/cuda-workspace/BLACKCAT_NeuralNetworks/BC_NeuralNetwork_Headers/NeuralNetwork.h:163:21: warning: comparison between signed and unsigned integer expressions [-Wsign-compare]
   for (int i = 0; i < inputs.size(); ++i) {
                     ^
/home/joseph/cuda-workspace/BLACKCAT_NeuralNetworks/BC_NeuralNetwork_Headers/NeuralNetwork.h: In member function ‘void NeuralNetwork::testFlat(const std::vector<Vector<double, CPU> >&, const std::vector<Vector<double, CPU> >&)’:
/home/joseph/cuda-workspace/BLACKCAT_NeuralNetworks/BC_NeuralNetwork_Headers/NeuralNetwork.h:178:21: warning: comparison between signed and unsigned integer expressions [-Wsign-compare]
   for (int i = 0; i < outputs.size(); ++i) {
                     ^
In file included from ../BC_NN_tests/deprecated Tests.cpp:6:0:
/home/joseph/cuda-workspace/BLACKCAT_NeuralNetworks/BC_NeuralNetwork_Headers/RecurrentUnit.h: In member function ‘virtual vec RecurrentUnit::backwardPropagation_ThroughTime(vec)’:
/home/joseph/cuda-workspace/BLACKCAT_NeuralNetworks/BC_NeuralNetwork_Headers/RecurrentUnit.h:85:12: warning: suggest parentheses around ‘+’ in operand of ‘&’ [-Wparentheses]
   dc += dy + (r.T() * dc) & g.d(yt);
            ^
In file included from /home/joseph/cuda-workspace/BlackCat_Tensors/BC_Headers/Tensor.h:4:0,
                 from /home/joseph/cuda-workspace/BlackCat_Tensors/BC_Headers/BLACKCAT_EXPLICIT_INSTANTIATION.h:33,
                 from /home/joseph/cuda-workspace/BLACKCAT_NeuralNetworks/BC_NeuralNetwork_Headers/BC_NeuralNetwork_Definitions.h:4,
                 from /home/joseph/cuda-workspace/BLACKCAT_NeuralNetworks/BC_NeuralNetwork_Headers/NeuralNetwork_Structs.h:8,
                 from /home/joseph/cuda-workspace/BLACKCAT_NeuralNetworks/BC_NeuralNetwork_Headers/Layer.h:10,
                 from /home/joseph/cuda-workspace/BLACKCAT_NeuralNetworks/BC_NeuralNetwork_Headers/FeedForward.h:3,
                 from ../BC_NN_tests/deprecated Tests.cpp:2:
/home/joseph/cuda-workspace/BlackCat_Tensors/BC_Headers/HelperFunctions.h: At global scope:
/home/joseph/cuda-workspace/BlackCat_Tensors/BC_Headers/HelperFunctions.h:9:14: warning: ‘void BC::copy(unsigned int*, const unsigned int*, unsigned int)’ defined but not used [-Wunused-function]
  static void copy(unsigned* save, const unsigned* data, unsigned sz) {
              ^
/home/joseph/cuda-workspace/BlackCat_Tensors/BC_Headers/HelperFunctions.h:16:14: warning: ‘void BC::mult_sum(unsigned int*, const unsigned int*, const unsigned int*, unsigned int)’ defined but not used [-Wunused-function]
  static void mult_sum(unsigned* save, const unsigned* base, const unsigned* data, unsigned data_sz) {
              ^
/home/joseph/cuda-workspace/BlackCat_Tensors/BC_Headers/HelperFunctions.h:23:18: warning: ‘unsigned int BC::calc_sz(unsigned int*, unsigned int)’ defined but not used [-Wunused-function]
  static unsigned calc_sz(unsigned* ranks, unsigned order) {
                  ^
/home/joseph/cuda-workspace/BlackCat_Tensors/BC_Headers/HelperFunctions.h:31:14: warning: ‘void BC::init_leading_dimensions(unsigned int*, unsigned int*, unsigned int)’ defined but not used [-Wunused-function]
  static void init_leading_dimensions(unsigned* leading_dim, unsigned* dim, unsigned order) {
              ^
Finished building: ../BC_NN_tests/deprecated Tests.cpp
 
Building target: BLACKCAT_NeuralNetworks
Invoking: Cygwin C++ Linker
g++ -L/home/joseph/cuda-workspace/BlackCat_Tensors/Release -L/usr/lib/atlas-base -o "BLACKCAT_NeuralNetworks"  ./BC_NN_tests/MNIST_test.o ./BC_NN_tests/Simple_QlearningTest.o ./BC_NN_tests/SnakeGame.o ./BC_NN_tests/SnakeTrainer.o ./BC_NN_tests/deprecated\ Tests.o   -lBlackCat_Tensors -lcblas -lf77blas
Finished building target: BLACKCAT_NeuralNetworks
 
16:55:18 **** Incremental Build of configuration Release for project BLACKCAT_NeuralNetworks ****
Info: Configuration "Release" uses tool-chain "Cygwin GCC" that is unsupported on this system, attempting to build anyway.
make all 
make: Nothing to be done for 'all'.
16:55:18 **** Incremental Build of configuration Release for project BLACKCAT_NeuralNetworks ****
Info: Configuration "Release" uses tool-chain "Cygwin GCC" that is unsupported on this system, attempting to build anyway.
make all 
make: Nothing to be done for 'all'.
16:55:20 **** Incremental Build of configuration Debug for project BLACKCAT_NeuralNetworks ****
make all 
make: Nothing to be done for 'all'.
16:55:24 **** Incremental Build of configuration Debug for project BLACKCAT_NeuralNetworks ****
make all 
make: Nothing to be done for 'all'.
