c:\users\joeyj\onedrive\documents\visual studio 2015\projects\neuralnetworks\neuralnetworks\release\vc140.pdb
c:\users\joeyj\onedrive\documents\visual studio 2015\projects\neuralnetworks\neuralnetworks\release\recurrentunit.obj
c:\users\joeyj\onedrive\documents\visual studio 2015\projects\neuralnetworks\neuralnetworks\release\feedforward.obj
c:\users\joeyj\onedrive\documents\visual studio 2015\projects\neuralnetworks\neuralnetworks\release\main.obj
c:\users\joeyj\onedrive\documents\visual studio 2015\projects\neuralnetworks\neuralnetworks\release\gru.obj
c:\users\joeyj\onedrive\documents\visual studio 2015\projects\neuralnetworks\neuralnetworks\release\lstm.obj
c:\users\joeyj\onedrive\documents\visual studio 2015\projects\neuralnetworks\neuralnetworks\release\cnn.obj
c:\users\joeyj\onedrive\documents\visual studio 2015\projects\neuralnetworks\neuralnetworks\release\neuralnetwork.obj
c:\users\joeyj\onedrive\documents\visual studio 2015\projects\neuralnetworks\neuralnetworks\release\neuralnetworks.pch
c:\users\joeyj\onedrive\documents\visual studio 2015\projects\neuralnetworks\neuralnetworks\release\neuralnetworks.pdb
c:\users\joeyj\onedrive\documents\visual studio 2015\projects\neuralnetworks\neuralnetworks\release\stdafx.obj
c:\users\joeyj\onedrive\documents\visual studio 2015\projects\neuralnetworks\release\neuralnetworks.lib
c:\users\joeyj\onedrive\documents\visual studio 2015\projects\neuralnetworks\release\neuralnetworks.exe
c:\users\joeyj\onedrive\documents\visual studio 2015\projects\neuralnetworks\release\neuralnetworks.pdb
c:\users\joeyj\onedrive\documents\visual studio 2015\projects\neuralnetworks\neuralnetworks\release\neuralnetworks.tlog\cl.command.1.tlog
c:\users\joeyj\onedrive\documents\visual studio 2015\projects\neuralnetworks\neuralnetworks\release\neuralnetworks.tlog\cl.read.1.tlog
c:\users\joeyj\onedrive\documents\visual studio 2015\projects\neuralnetworks\neuralnetworks\release\neuralnetworks.tlog\cl.write.1.tlog
c:\users\joeyj\onedrive\documents\visual studio 2015\projects\neuralnetworks\neuralnetworks\release\neuralnetworks.tlog\lib-link.read.1.tlog
c:\users\joeyj\onedrive\documents\visual studio 2015\projects\neuralnetworks\neuralnetworks\release\neuralnetworks.tlog\lib-link.write.1.tlog
c:\users\joeyj\onedrive\documents\visual studio 2015\projects\neuralnetworks\neuralnetworks\release\neuralnetworks.tlog\lib.command.1.tlog
c:\users\joeyj\onedrive\documents\visual studio 2015\projects\neuralnetworks\neuralnetworks\release\neuralnetworks.tlog\link.command.1.tlog
c:\users\joeyj\onedrive\documents\visual studio 2015\projects\neuralnetworks\neuralnetworks\release\neuralnetworks.tlog\link.read.1.tlog
c:\users\joeyj\onedrive\documents\visual studio 2015\projects\neuralnetworks\neuralnetworks\release\neuralnetworks.tlog\link.write.1.tlog
c:\users\joeyj\onedrive\documents\visual studio 2015\projects\neuralnetworks\neuralnetworks\release\neuralnetworks.tlog\neuralnetworks.write.1u.tlog
