14:35:52 **** Incremental Build of configuration Debug for project BlackCat_NeuralNetworks3.3 ****
make all 
Building file: ../UnitTests/MNIST_test.cpp
Invoking: NVCC Compiler
/usr/local/cuda-9.1/bin/nvcc -I/home/joseph/BlackCat_Libraries/BlackCat_Tensors3.3 -I/home/joseph/BlackCat_Libraries/BlackCat_Tensors3.2/BlackCat_Tensors_Functions/Functions -G -g -O0 -Xcompiler -fopenmp -gencode arch=compute_52,code=sm_52  -odir "UnitTests" -M -o "UnitTests/MNIST_test.d" "../UnitTests/MNIST_test.cpp"
/usr/local/cuda-9.1/bin/nvcc -I/home/joseph/BlackCat_Libraries/BlackCat_Tensors3.3 -I/home/joseph/BlackCat_Libraries/BlackCat_Tensors3.2/BlackCat_Tensors_Functions/Functions -G -g -O0 -Xcompiler -fopenmp --compile  -x c++ -o  "UnitTests/MNIST_test.o" "../UnitTests/MNIST_test.cpp"
Finished building: ../UnitTests/MNIST_test.cpp
 
Building file: ../UnitTests/MNIST_testMT.cu
Invoking: NVCC Compiler
/usr/local/cuda-9.1/bin/nvcc -I/home/joseph/BlackCat_Libraries/BlackCat_Tensors3.3 -I/home/joseph/BlackCat_Libraries/BlackCat_Tensors3.2/BlackCat_Tensors_Functions/Functions -G -g -O0 -Xcompiler -fopenmp -gencode arch=compute_52,code=sm_52  -odir "UnitTests" -M -o "UnitTests/MNIST_testMT.d" "../UnitTests/MNIST_testMT.cu"
/usr/local/cuda-9.1/bin/nvcc -I/home/joseph/BlackCat_Libraries/BlackCat_Tensors3.3 -I/home/joseph/BlackCat_Libraries/BlackCat_Tensors3.2/BlackCat_Tensors_Functions/Functions -G -g -O0 -Xcompiler -fopenmp --compile --relocatable-device-code=true -gencode arch=compute_52,code=compute_52 -gencode arch=compute_52,code=sm_52  -x cu -o  "UnitTests/MNIST_testMT.o" "../UnitTests/MNIST_testMT.cu"
Finished building: ../UnitTests/MNIST_testMT.cu
 
Building file: ../NN_Core/Deprecated/Copy of MNIST_alternatetest.cu
Invoking: NVCC Compiler
/usr/local/cuda-9.1/bin/nvcc -I/home/joseph/BlackCat_Libraries/BlackCat_Tensors3.3 -I/home/joseph/BlackCat_Libraries/BlackCat_Tensors3.2/BlackCat_Tensors_Functions/Functions -G -g -O0 -Xcompiler -fopenmp -gencode arch=compute_52,code=sm_52  -odir "NN_Core/Deprecated" -M -o "NN_Core/Deprecated/Copy of MNIST_alternatetest.d" "../NN_Core/Deprecated/Copy of MNIST_alternatetest.cu"
/usr/local/cuda-9.1/bin/nvcc -I/home/joseph/BlackCat_Libraries/BlackCat_Tensors3.3 -I/home/joseph/BlackCat_Libraries/BlackCat_Tensors3.2/BlackCat_Tensors_Functions/Functions -G -g -O0 -Xcompiler -fopenmp --compile --relocatable-device-code=true -gencode arch=compute_52,code=compute_52 -gencode arch=compute_52,code=sm_52  -x cu -o  "NN_Core/Deprecated/Copy of MNIST_alternatetest.o" "../NN_Core/Deprecated/Copy of MNIST_alternatetest.cu"
Finished building: ../NN_Core/Deprecated/Copy of MNIST_alternatetest.cu
 
Building target: BlackCat_NeuralNetworks3.3
Invoking: NVCC Linker
/usr/local/cuda-9.1/bin/nvcc --cudart static -L/usr/local/cuda-9.1/bin -L/usr/local/cuda/include -L/usr/local/include/atlas-base --relocatable-device-code=true -gencode arch=compute_52,code=compute_52 -gencode arch=compute_52,code=sm_52 -link -o  "BlackCat_NeuralNetworks3.3"  ./UnitTests/MNIST_test.o ./UnitTests/MNIST_testMT.o  ./NN_Core/Deprecated/Copy\ of\ MNIST_alternatetest.o   -lcblas -lf77blas -lcublas -lgomp
Finished building target: BlackCat_NeuralNetworks3.3
 

14:35:55 Build Finished (took 3s.269ms)

