22:34:45 **** Incremental Build of configuration Release for project BlackCat_NeuralNetworks ****
make all 
Building file: ../UnitTests/MNIST_test.cu
Invoking: NVCC Compiler
/usr/local/cuda-9.1/bin/nvcc -I/home/joseph/BlackCat_Libraries/BlackCat_Tensors3.2/BlackCat_Tensors -I/home/joseph/BlackCat_Libraries/BlackCat_Tensors3.2/BlackCat_Tensors_Functions/Functions -O3 -gencode arch=compute_52,code=sm_52  -odir "UnitTests" -M -o "UnitTests/MNIST_test.d" "../UnitTests/MNIST_test.cu"
/usr/local/cuda-9.1/bin/nvcc -I/home/joseph/BlackCat_Libraries/BlackCat_Tensors3.2/BlackCat_Tensors -I/home/joseph/BlackCat_Libraries/BlackCat_Tensors3.2/BlackCat_Tensors_Functions/Functions -O3 --compile --relocatable-device-code=true -gencode arch=compute_52,code=compute_52 -gencode arch=compute_52,code=sm_52  -x cu -o  "UnitTests/MNIST_test.o" "../UnitTests/MNIST_test.cu"
/home/joseph/BlackCat_Libraries/BlackCat_Tensors3.2/BlackCat_Tensors/BC_Internals/BC_MathLibraries/Mathematics_CPU.h(85): warning: expression has no effect
          detected during:
            instantiation of "void BC::CPU::eval(T, int) [with T=BC::fp_type *]" 
/home/joseph/BlackCat_Libraries/BlackCat_Tensors3.2/BlackCat_Tensors/BC_Internals/BC_Expressions/Expression_Binary_Dotproduct.cu(109): here
            instantiation of "void BC::binary_expression_dotproduct<T, lv, rv, Mathlibrary>::eval() [with T=BC::fp_type, lv=BC::fp_type *, rv=BC::binary_expression<BC::fp_type, BC::assign, BC::fp_type *, BC::fp_type *>, Mathlibrary=BC::ml]" 
/home/joseph/BlackCat_Libraries/BlackCat_Tensors3.2/BlackCat_Tensors/BC_Internals/BC_Expressions/Expression_Binary_Dotproduct.cu(91): here
            instantiation of "BC::binary_expression_dotproduct<T, lv, rv, Mathlibrary>::binary_expression_dotproduct(const lv &, const rv &, int, int, int, int, int, int) [with T=BC::fp_type, lv=BC::fp_type *, rv=BC::binary_expression<BC::fp_type, BC::assign, BC::fp_type *, BC::fp_type *>, Mathlibrary=BC::ml]" 
/home/joseph/BlackCat_Libraries/BlackCat_Tensors3.2/BlackCat_Tensors/BC_Internals/BC_Core/TensorBase.h(100): here
            instantiation of "BC::TensorBase<T, derived, Mathlib, std::enable_if<BC::MTF::non_pwise_functor<T>::conditional, void>::type>::TensorBase(BC::Shape, const params &...) [with T=BC::binary_expression_dotproduct<BC::fp_type, BC::fp_type *, BC::binary_expression<BC::fp_type, BC::assign, BC::fp_type *, BC::fp_type *>, BC::ml>, derived=BC::Vector<BC::binary_expression_dotproduct<BC::fp_type, BC::fp_type *, BC::binary_expression<BC::fp_type, BC::assign, BC::fp_type *, BC::fp_type *>, BC::ml>, BC::ml>, Mathlib=BC::ml, params=<BC::fp_type *, BC::binary_expression<BC::fp_type, BC::assign, BC::fp_type *, BC::fp_type *>, int, int, int, int, int, int>]" 
/home/joseph/BlackCat_Libraries/BlackCat_Tensors3.2/BlackCat_Tensors/BC_Internals/BC_Core/Vector.h(36): here
            instantiation of "BC::Vector<T, Mathlib>::Vector(const params &...) [with T=BC::binary_expression_dotproduct<BC::fp_type, BC::fp_type *, BC::binary_expression<BC::fp_type, BC::assign, BC::fp_type *, BC::fp_type *>, BC::ml>, Mathlib=BC::ml, params=<BC::Shape, BC::fp_type *, BC::binary_expression<BC::fp_type, BC::assign, BC::fp_type *, BC::fp_type *>, int, int, int, int, int, int>]" 
/home/joseph/BlackCat_Libraries/BlackCat_Tensors3.2/BlackCat_Tensors/BC_Internals/BC_Core/Implementation_Core/Tensor_Operations_impl.h(166): here
            instantiation of "BC::Tensor_Operations_impl<derived, TRAITS>::dp_impl<pDeriv, pTraits>::type BC::Tensor_Operations_impl<derived, TRAITS>::operator*(const BC::Tensor_Operations_impl<pDeriv, pTraits> &) const [with derived=BC::Matrix<BC::fp_type, BC::ml>, TRAITS=BC::_TRAITS<BC::fp_type, BC::fp_type *, BC::Matrix<BC::fp_type, BC::ml> &, BC::ml>, pDeriv=BC::Vector<BC::binary_expression<BC::fp_type, BC::assign, BC::fp_type *, BC::fp_type *>, BC::ml>, pTraits=BC::_TRAITS<BC::fp_type, BC::binary_expression<BC::fp_type, BC::assign, BC::fp_type *, BC::fp_type *>, BC::Vector<BC::fp_type, BC::ml>, BC::ml>, voider=void, foo=0]" 
../UnitTests/../NN_Core/FeedForward.cu(60): here
            instantiation of "auto BC::FeedForward::forwardPropagation(const BC::vec_expr<T, BC::ml> &) [with T=BC::fp_type]" 
../UnitTests/../NN_Core/NeuralNetwork.h(69): here
            instantiation of "auto BC::NeuralNetwork<layers...>::fp<start,end,T>(const BC::vec_expr<T, BC::ml> &, std::false_type) [with layers=<BC::FeedForward &, BC::FeedForward &, BC::OutputLayer &>, start=0, end=3, T=BC::fp_type]" 
../UnitTests/../NN_Core/NeuralNetwork.h(44): here
            instantiation of "BC::vec BC::NeuralNetwork<layers...>::forwardPropagation(const BC::vec_expr<T, BC::ml> &) [with layers=<BC::FeedForward &, BC::FeedForward &, BC::OutputLayer &>, T=BC::fp_type]" 
../UnitTests/MNIST_test.cu(119): here

Finished building: ../UnitTests/MNIST_test.cu
 
Building file: ../UnitTests/MNIST_test_WithReadWriteExample.cu
Invoking: NVCC Compiler
/usr/local/cuda-9.1/bin/nvcc -I/home/joseph/BlackCat_Libraries/BlackCat_Tensors3.2/BlackCat_Tensors -I/home/joseph/BlackCat_Libraries/BlackCat_Tensors3.2/BlackCat_Tensors_Functions/Functions -O3 -gencode arch=compute_52,code=sm_52  -odir "UnitTests" -M -o "UnitTests/MNIST_test_WithReadWriteExample.d" "../UnitTests/MNIST_test_WithReadWriteExample.cu"
/usr/local/cuda-9.1/bin/nvcc -I/home/joseph/BlackCat_Libraries/BlackCat_Tensors3.2/BlackCat_Tensors -I/home/joseph/BlackCat_Libraries/BlackCat_Tensors3.2/BlackCat_Tensors_Functions/Functions -O3 --compile --relocatable-device-code=true -gencode arch=compute_52,code=compute_52 -gencode arch=compute_52,code=sm_52  -x cu -o  "UnitTests/MNIST_test_WithReadWriteExample.o" "../UnitTests/MNIST_test_WithReadWriteExample.cu"
/home/joseph/BlackCat_Libraries/BlackCat_Tensors3.2/BlackCat_Tensors/BC_Internals/BC_MathLibraries/Mathematics_CPU.h(85): warning: expression has no effect
          detected during:
            instantiation of "void BC::CPU::eval(T, int) [with T=BC::fp_type *]" 
/home/joseph/BlackCat_Libraries/BlackCat_Tensors3.2/BlackCat_Tensors/BC_Internals/BC_Expressions/Expression_Binary_Dotproduct.cu(109): here
            instantiation of "void BC::binary_expression_dotproduct<T, lv, rv, Mathlibrary>::eval() [with T=BC::fp_type, lv=BC::fp_type *, rv=BC::binary_expression<BC::fp_type, BC::assign, BC::fp_type *, BC::fp_type *>, Mathlibrary=BC::ml]" 
/home/joseph/BlackCat_Libraries/BlackCat_Tensors3.2/BlackCat_Tensors/BC_Internals/BC_Expressions/Expression_Binary_Dotproduct.cu(91): here
            instantiation of "BC::binary_expression_dotproduct<T, lv, rv, Mathlibrary>::binary_expression_dotproduct(const lv &, const rv &, int, int, int, int, int, int) [with T=BC::fp_type, lv=BC::fp_type *, rv=BC::binary_expression<BC::fp_type, BC::assign, BC::fp_type *, BC::fp_type *>, Mathlibrary=BC::ml]" 
/home/joseph/BlackCat_Libraries/BlackCat_Tensors3.2/BlackCat_Tensors/BC_Internals/BC_Core/TensorBase.h(100): here
            instantiation of "BC::TensorBase<T, derived, Mathlib, std::enable_if<BC::MTF::non_pwise_functor<T>::conditional, void>::type>::TensorBase(BC::Shape, const params &...) [with T=BC::binary_expression_dotproduct<BC::fp_type, BC::fp_type *, BC::binary_expression<BC::fp_type, BC::assign, BC::fp_type *, BC::fp_type *>, BC::ml>, derived=BC::Vector<BC::binary_expression_dotproduct<BC::fp_type, BC::fp_type *, BC::binary_expression<BC::fp_type, BC::assign, BC::fp_type *, BC::fp_type *>, BC::ml>, BC::ml>, Mathlib=BC::ml, params=<BC::fp_type *, BC::binary_expression<BC::fp_type, BC::assign, BC::fp_type *, BC::fp_type *>, int, int, int, int, int, int>]" 
/home/joseph/BlackCat_Libraries/BlackCat_Tensors3.2/BlackCat_Tensors/BC_Internals/BC_Core/Vector.h(36): here
            instantiation of "BC::Vector<T, Mathlib>::Vector(const params &...) [with T=BC::binary_expression_dotproduct<BC::fp_type, BC::fp_type *, BC::binary_expression<BC::fp_type, BC::assign, BC::fp_type *, BC::fp_type *>, BC::ml>, Mathlib=BC::ml, params=<BC::Shape, BC::fp_type *, BC::binary_expression<BC::fp_type, BC::assign, BC::fp_type *, BC::fp_type *>, int, int, int, int, int, int>]" 
/home/joseph/BlackCat_Libraries/BlackCat_Tensors3.2/BlackCat_Tensors/BC_Internals/BC_Core/Implementation_Core/Tensor_Operations_impl.h(166): here
            instantiation of "BC::Tensor_Operations_impl<derived, TRAITS>::dp_impl<pDeriv, pTraits>::type BC::Tensor_Operations_impl<derived, TRAITS>::operator*(const BC::Tensor_Operations_impl<pDeriv, pTraits> &) const [with derived=BC::Matrix<BC::fp_type, BC::ml>, TRAITS=BC::_TRAITS<BC::fp_type, BC::fp_type *, BC::Matrix<BC::fp_type, BC::ml> &, BC::ml>, pDeriv=BC::Vector<BC::binary_expression<BC::fp_type, BC::assign, BC::fp_type *, BC::fp_type *>, BC::ml>, pTraits=BC::_TRAITS<BC::fp_type, BC::binary_expression<BC::fp_type, BC::assign, BC::fp_type *, BC::fp_type *>, BC::Vector<BC::fp_type, BC::ml>, BC::ml>, voider=void, foo=0]" 
../UnitTests/../NN_Core/FeedForward.cu(60): here
            instantiation of "auto BC::FeedForward::forwardPropagation(const BC::vec_expr<T, BC::ml> &) [with T=BC::fp_type]" 
../UnitTests/../NN_Core/NeuralNetwork.h(69): here
            instantiation of "auto BC::NeuralNetwork<layers...>::fp<start,end,T>(const BC::vec_expr<T, BC::ml> &, std::false_type) [with layers=<BC::FeedForward &, BC::FeedForward &, BC::OutputLayer &>, start=0, end=3, T=BC::fp_type]" 
../UnitTests/../NN_Core/NeuralNetwork.h(44): here
            instantiation of "BC::vec BC::NeuralNetwork<layers...>::forwardPropagation(const BC::vec_expr<T, BC::ml> &) [with layers=<BC::FeedForward &, BC::FeedForward &, BC::OutputLayer &>, T=BC::fp_type]" 
../UnitTests/MNIST_test_WithReadWriteExample.cu(89): here

Finished building: ../UnitTests/MNIST_test_WithReadWriteExample.cu
 
Building file: ../UnitTests/XOR_test.cu
Invoking: NVCC Compiler
/usr/local/cuda-9.1/bin/nvcc -I/home/joseph/BlackCat_Libraries/BlackCat_Tensors3.2/BlackCat_Tensors -I/home/joseph/BlackCat_Libraries/BlackCat_Tensors3.2/BlackCat_Tensors_Functions/Functions -O3 -gencode arch=compute_52,code=sm_52  -odir "UnitTests" -M -o "UnitTests/XOR_test.d" "../UnitTests/XOR_test.cu"
/usr/local/cuda-9.1/bin/nvcc -I/home/joseph/BlackCat_Libraries/BlackCat_Tensors3.2/BlackCat_Tensors -I/home/joseph/BlackCat_Libraries/BlackCat_Tensors3.2/BlackCat_Tensors_Functions/Functions -O3 --compile --relocatable-device-code=true -gencode arch=compute_52,code=compute_52 -gencode arch=compute_52,code=sm_52  -x cu -o  "UnitTests/XOR_test.o" "../UnitTests/XOR_test.cu"
/home/joseph/BlackCat_Libraries/BlackCat_Tensors3.2/BlackCat_Tensors/BC_Internals/BC_Core/Vector.h(36): error: no instance of constructor "BC::TensorBase<T, derived, Mathlib, std::enable_if<BC::MTF::isPrimitive<T>::conditional, void>::type>::TensorBase [with T=BC::fp_type, derived=BC::Vector<BC::fp_type, BC::ml>, Mathlib=BC::ml]" matches the argument list
            argument types are: (const int, const int)
          detected during instantiation of "BC::Vector<T, Mathlib>::Vector(const params &...) [with T=BC::fp_type, Mathlib=BC::ml, params=<int, int>]" 
../UnitTests/XOR_test.cu(10): here

/home/joseph/BlackCat_Libraries/BlackCat_Tensors3.2/BlackCat_Tensors/BC_Internals/BC_MathLibraries/Mathematics_CPU.h(85): warning: expression has no effect
          detected during:
            instantiation of "void BC::CPU::eval(T, int) [with T=BC::fp_type *]" 
/home/joseph/BlackCat_Libraries/BlackCat_Tensors3.2/BlackCat_Tensors/BC_Internals/BC_Expressions/Expression_Binary_Dotproduct.cu(109): here
            instantiation of "void BC::binary_expression_dotproduct<T, lv, rv, Mathlibrary>::eval() [with T=BC::fp_type, lv=BC::fp_type *, rv=BC::binary_expression<BC::fp_type, BC::assign, BC::fp_type *, BC::fp_type *>, Mathlibrary=BC::ml]" 
/home/joseph/BlackCat_Libraries/BlackCat_Tensors3.2/BlackCat_Tensors/BC_Internals/BC_Expressions/Expression_Binary_Dotproduct.cu(91): here
            instantiation of "BC::binary_expression_dotproduct<T, lv, rv, Mathlibrary>::binary_expression_dotproduct(const lv &, const rv &, int, int, int, int, int, int) [with T=BC::fp_type, lv=BC::fp_type *, rv=BC::binary_expression<BC::fp_type, BC::assign, BC::fp_type *, BC::fp_type *>, Mathlibrary=BC::ml]" 
/home/joseph/BlackCat_Libraries/BlackCat_Tensors3.2/BlackCat_Tensors/BC_Internals/BC_Core/TensorBase.h(100): here
            instantiation of "BC::TensorBase<T, derived, Mathlib, std::enable_if<BC::MTF::non_pwise_functor<T>::conditional, void>::type>::TensorBase(BC::Shape, const params &...) [with T=BC::binary_expression_dotproduct<BC::fp_type, BC::fp_type *, BC::binary_expression<BC::fp_type, BC::assign, BC::fp_type *, BC::fp_type *>, BC::ml>, derived=BC::Vector<BC::binary_expression_dotproduct<BC::fp_type, BC::fp_type *, BC::binary_expression<BC::fp_type, BC::assign, BC::fp_type *, BC::fp_type *>, BC::ml>, BC::ml>, Mathlib=BC::ml, params=<BC::fp_type *, BC::binary_expression<BC::fp_type, BC::assign, BC::fp_type *, BC::fp_type *>, int, int, int, int, int, int>]" 
/home/joseph/BlackCat_Libraries/BlackCat_Tensors3.2/BlackCat_Tensors/BC_Internals/BC_Core/Vector.h(36): here
            instantiation of "BC::Vector<T, Mathlib>::Vector(const params &...) [with T=BC::binary_expression_dotproduct<BC::fp_type, BC::fp_type *, BC::binary_expression<BC::fp_type, BC::assign, BC::fp_type *, BC::fp_type *>, BC::ml>, Mathlib=BC::ml, params=<BC::Shape, BC::fp_type *, BC::binary_expression<BC::fp_type, BC::assign, BC::fp_type *, BC::fp_type *>, int, int, int, int, int, int>]" 
/home/joseph/BlackCat_Libraries/BlackCat_Tensors3.2/BlackCat_Tensors/BC_Internals/BC_Core/Implementation_Core/Tensor_Operations_impl.h(166): here
            instantiation of "BC::Tensor_Operations_impl<derived, TRAITS>::dp_impl<pDeriv, pTraits>::type BC::Tensor_Operations_impl<derived, TRAITS>::operator*(const BC::Tensor_Operations_impl<pDeriv, pTraits> &) const [with derived=BC::Matrix<BC::fp_type, BC::ml>, TRAITS=BC::_TRAITS<BC::fp_type, BC::fp_type *, BC::Matrix<BC::fp_type, BC::ml> &, BC::ml>, pDeriv=BC::Vector<BC::binary_expression<BC::fp_type, BC::assign, BC::fp_type *, BC::fp_type *>, BC::ml>, pTraits=BC::_TRAITS<BC::fp_type, BC::binary_expression<BC::fp_type, BC::assign, BC::fp_type *, BC::fp_type *>, BC::Vector<BC::fp_type, BC::ml>, BC::ml>, voider=void, foo=0]" 
../UnitTests/../NN_Core/FeedForward.cu(60): here
            instantiation of "auto BC::FeedForward::forwardPropagation(const BC::vec_expr<T, BC::ml> &) [with T=BC::fp_type]" 
../UnitTests/../NN_Core/NeuralNetwork.h(69): here
            instantiation of "auto BC::NeuralNetwork<layers...>::fp<start,end,T>(const BC::vec_expr<T, BC::ml> &, std::false_type) [with layers=<BC::FeedForward &, BC::FeedForward &, BC::OutputLayer &>, start=0, end=3, T=BC::fp_type]" 
../UnitTests/../NN_Core/NeuralNetwork.h(44): here
            instantiation of "BC::vec BC::NeuralNetwork<layers...>::forwardPropagation(const BC::vec_expr<T, BC::ml> &) [with layers=<BC::FeedForward &, BC::FeedForward &, BC::OutputLayer &>, T=BC::fp_type]" 
../UnitTests/XOR_test.cu(27): here

1 error detected in the compilation of "/tmp/tmpxft_000001fb_00000000-6_XOR_test.cpp1.ii".
UnitTests/subdir.mk:27: recipe for target 'UnitTests/XOR_test.o' failed
make: *** [UnitTests/XOR_test.o] Error 1

22:34:55 Build Finished (took 9s.878ms)

