17:55:56 **** Build of configuration Debug for project BlackCat_NeuralNetworks3.3 ****
make all 
Building file: ../UnitTests/MNIST_test.cu
Invoking: NVCC Compiler
/usr/local/cuda-9.1/bin/nvcc -I/home/joseph/BlackCat_Libraries/BlackCat_Tensors3.3 -I/home/joseph/BlackCat_Libraries/BlackCat_Tensors3.2/BlackCat_Tensors_Functions/Functions -G -g -O0 -Xcompiler -fopenmp -gencode arch=compute_52,code=sm_52  -odir "UnitTests" -M -o "UnitTests/MNIST_test.d" "../UnitTests/MNIST_test.cu"
/usr/local/cuda-9.1/bin/nvcc -I/home/joseph/BlackCat_Libraries/BlackCat_Tensors3.3 -I/home/joseph/BlackCat_Libraries/BlackCat_Tensors3.2/BlackCat_Tensors_Functions/Functions -G -g -O0 -Xcompiler -fopenmp --compile --relocatable-device-code=true -gencode arch=compute_52,code=compute_52 -gencode arch=compute_52,code=sm_52  -x cu -o  "UnitTests/MNIST_test.o" "../UnitTests/MNIST_test.cu"
Finished building: ../UnitTests/MNIST_test.cu
 
Building file: ../UnitTests/MNIST_test_WithMultiThreading.cu
Invoking: NVCC Compiler
/usr/local/cuda-9.1/bin/nvcc -I/home/joseph/BlackCat_Libraries/BlackCat_Tensors3.3 -I/home/joseph/BlackCat_Libraries/BlackCat_Tensors3.2/BlackCat_Tensors_Functions/Functions -G -g -O0 -Xcompiler -fopenmp -gencode arch=compute_52,code=sm_52  -odir "UnitTests" -M -o "UnitTests/MNIST_test_WithMultiThreading.d" "../UnitTests/MNIST_test_WithMultiThreading.cu"
/usr/local/cuda-9.1/bin/nvcc -I/home/joseph/BlackCat_Libraries/BlackCat_Tensors3.3 -I/home/joseph/BlackCat_Libraries/BlackCat_Tensors3.2/BlackCat_Tensors_Functions/Functions -G -g -O0 -Xcompiler -fopenmp --compile --relocatable-device-code=true -gencode arch=compute_52,code=compute_52 -gencode arch=compute_52,code=sm_52  -x cu -o  "UnitTests/MNIST_test_WithMultiThreading.o" "../UnitTests/MNIST_test_WithMultiThreading.cu"
Finished building: ../UnitTests/MNIST_test_WithMultiThreading.cu
 
Building file: ../UnitTests/MNIST_test_WithReadWriteExample.cu
Invoking: NVCC Compiler
/usr/local/cuda-9.1/bin/nvcc -I/home/joseph/BlackCat_Libraries/BlackCat_Tensors3.3 -I/home/joseph/BlackCat_Libraries/BlackCat_Tensors3.2/BlackCat_Tensors_Functions/Functions -G -g -O0 -Xcompiler -fopenmp -gencode arch=compute_52,code=sm_52  -odir "UnitTests" -M -o "UnitTests/MNIST_test_WithReadWriteExample.d" "../UnitTests/MNIST_test_WithReadWriteExample.cu"
/usr/local/cuda-9.1/bin/nvcc -I/home/joseph/BlackCat_Libraries/BlackCat_Tensors3.3 -I/home/joseph/BlackCat_Libraries/BlackCat_Tensors3.2/BlackCat_Tensors_Functions/Functions -G -g -O0 -Xcompiler -fopenmp --compile --relocatable-device-code=true -gencode arch=compute_52,code=compute_52 -gencode arch=compute_52,code=sm_52  -x cu -o  "UnitTests/MNIST_test_WithReadWriteExample.o" "../UnitTests/MNIST_test_WithReadWriteExample.cu"
Finished building: ../UnitTests/MNIST_test_WithReadWriteExample.cu
 
Building file: ../UnitTests/XOR_test.cu
Invoking: NVCC Compiler
/usr/local/cuda-9.1/bin/nvcc -I/home/joseph/BlackCat_Libraries/BlackCat_Tensors3.3 -I/home/joseph/BlackCat_Libraries/BlackCat_Tensors3.2/BlackCat_Tensors_Functions/Functions -G -g -O0 -Xcompiler -fopenmp -gencode arch=compute_52,code=sm_52  -odir "UnitTests" -M -o "UnitTests/XOR_test.d" "../UnitTests/XOR_test.cu"
/usr/local/cuda-9.1/bin/nvcc -I/home/joseph/BlackCat_Libraries/BlackCat_Tensors3.3 -I/home/joseph/BlackCat_Libraries/BlackCat_Tensors3.2/BlackCat_Tensors_Functions/Functions -G -g -O0 -Xcompiler -fopenmp --compile --relocatable-device-code=true -gencode arch=compute_52,code=compute_52 -gencode arch=compute_52,code=sm_52  -x cu -o  "UnitTests/XOR_test.o" "../UnitTests/XOR_test.cu"
Finished building: ../UnitTests/XOR_test.cu
 
Building file: ../NN_Core/BlackCat_Tuple.cu
Invoking: NVCC Compiler
/usr/local/cuda-9.1/bin/nvcc -I/home/joseph/BlackCat_Libraries/BlackCat_Tensors3.3 -I/home/joseph/BlackCat_Libraries/BlackCat_Tensors3.2/BlackCat_Tensors_Functions/Functions -G -g -O0 -Xcompiler -fopenmp -gencode arch=compute_52,code=sm_52  -odir "NN_Core" -M -o "NN_Core/BlackCat_Tuple.d" "../NN_Core/BlackCat_Tuple.cu"
/usr/local/cuda-9.1/bin/nvcc -I/home/joseph/BlackCat_Libraries/BlackCat_Tensors3.3 -I/home/joseph/BlackCat_Libraries/BlackCat_Tensors3.2/BlackCat_Tensors_Functions/Functions -G -g -O0 -Xcompiler -fopenmp --compile --relocatable-device-code=true -gencode arch=compute_52,code=compute_52 -gencode arch=compute_52,code=sm_52  -x cu -o  "NN_Core/BlackCat_Tuple.o" "../NN_Core/BlackCat_Tuple.cu"
Finished building: ../NN_Core/BlackCat_Tuple.cu
 
Building file: ../NN_Core/FeedForward.cu
Invoking: NVCC Compiler
/usr/local/cuda-9.1/bin/nvcc -I/home/joseph/BlackCat_Libraries/BlackCat_Tensors3.3 -I/home/joseph/BlackCat_Libraries/BlackCat_Tensors3.2/BlackCat_Tensors_Functions/Functions -G -g -O0 -Xcompiler -fopenmp -gencode arch=compute_52,code=sm_52  -odir "NN_Core" -M -o "NN_Core/FeedForward.d" "../NN_Core/FeedForward.cu"
/usr/local/cuda-9.1/bin/nvcc -I/home/joseph/BlackCat_Libraries/BlackCat_Tensors3.3 -I/home/joseph/BlackCat_Libraries/BlackCat_Tensors3.2/BlackCat_Tensors_Functions/Functions -G -g -O0 -Xcompiler -fopenmp --compile --relocatable-device-code=true -gencode arch=compute_52,code=compute_52 -gencode arch=compute_52,code=sm_52  -x cu -o  "NN_Core/FeedForward.o" "../NN_Core/FeedForward.cu"
Finished building: ../NN_Core/FeedForward.cu
 
Building file: ../NN_Core/OutputLayer.cu
Invoking: NVCC Compiler
/usr/local/cuda-9.1/bin/nvcc -I/home/joseph/BlackCat_Libraries/BlackCat_Tensors3.3 -I/home/joseph/BlackCat_Libraries/BlackCat_Tensors3.2/BlackCat_Tensors_Functions/Functions -G -g -O0 -Xcompiler -fopenmp -gencode arch=compute_52,code=sm_52  -odir "NN_Core" -M -o "NN_Core/OutputLayer.d" "../NN_Core/OutputLayer.cu"
/usr/local/cuda-9.1/bin/nvcc -I/home/joseph/BlackCat_Libraries/BlackCat_Tensors3.3 -I/home/joseph/BlackCat_Libraries/BlackCat_Tensors3.2/BlackCat_Tensors_Functions/Functions -G -g -O0 -Xcompiler -fopenmp --compile --relocatable-device-code=true -gencode arch=compute_52,code=compute_52 -gencode arch=compute_52,code=sm_52  -x cu -o  "NN_Core/OutputLayer.o" "../NN_Core/OutputLayer.cu"
Finished building: ../NN_Core/OutputLayer.cu
 
Building file: ../NN_Core/Deprecated/Copy of MNIST_alternatetest.cu
Invoking: NVCC Compiler
/usr/local/cuda-9.1/bin/nvcc -I/home/joseph/BlackCat_Libraries/BlackCat_Tensors3.3 -I/home/joseph/BlackCat_Libraries/BlackCat_Tensors3.2/BlackCat_Tensors_Functions/Functions -G -g -O0 -Xcompiler -fopenmp -gencode arch=compute_52,code=sm_52  -odir "NN_Core/Deprecated" -M -o "NN_Core/Deprecated/Copy of MNIST_alternatetest.d" "../NN_Core/Deprecated/Copy of MNIST_alternatetest.cu"
/usr/local/cuda-9.1/bin/nvcc -I/home/joseph/BlackCat_Libraries/BlackCat_Tensors3.3 -I/home/joseph/BlackCat_Libraries/BlackCat_Tensors3.2/BlackCat_Tensors_Functions/Functions -G -g -O0 -Xcompiler -fopenmp --compile --relocatable-device-code=true -gencode arch=compute_52,code=compute_52 -gencode arch=compute_52,code=sm_52  -x cu -o  "NN_Core/Deprecated/Copy of MNIST_alternatetest.o" "../NN_Core/Deprecated/Copy of MNIST_alternatetest.cu"
Finished building: ../NN_Core/Deprecated/Copy of MNIST_alternatetest.cu
 
Building target: BlackCat_NeuralNetworks3.3
Invoking: NVCC Linker
/usr/local/cuda-9.1/bin/nvcc --cudart static -L/usr/local/cuda-9.1/bin -L/usr/local/cuda/include -L/usr/local/include/atlas-base --relocatable-device-code=true -gencode arch=compute_52,code=compute_52 -gencode arch=compute_52,code=sm_52 -link -o  "BlackCat_NeuralNetworks3.3"  ./UnitTests/MNIST_test.o ./UnitTests/MNIST_test_WithMultiThreading.o ./UnitTests/MNIST_test_WithReadWriteExample.o ./UnitTests/XOR_test.o  ./NN_Core/BlackCat_Tuple.o ./NN_Core/FeedForward.o ./NN_Core/OutputLayer.o  ./NN_Core/Deprecated/Copy\ of\ MNIST_alternatetest.o   -lcblas -lf77blas -lcublas -lgomp
Finished building target: BlackCat_NeuralNetworks3.3
 
17:56:15 **** Incremental Build of configuration Debug for project BlackCat_NeuralNetworks3.3 ****
make all 
make: Nothing to be done for 'all'.
17:56:57 **** Incremental Build of configuration Debug for project BlackCat_NeuralNetworks3.3 ****
make all 
Building file: ../UnitTests/MNIST_test.cu
Invoking: NVCC Compiler
/usr/local/cuda-9.1/bin/nvcc -I/home/joseph/BlackCat_Libraries/BlackCat_Tensors3.3 -I/home/joseph/BlackCat_Libraries/BlackCat_Tensors3.2/BlackCat_Tensors_Functions/Functions -G -g -O0 -Xcompiler -fopenmp -gencode arch=compute_52,code=sm_52  -odir "UnitTests" -M -o "UnitTests/MNIST_test.d" "../UnitTests/MNIST_test.cu"
/usr/local/cuda-9.1/bin/nvcc -I/home/joseph/BlackCat_Libraries/BlackCat_Tensors3.3 -I/home/joseph/BlackCat_Libraries/BlackCat_Tensors3.2/BlackCat_Tensors_Functions/Functions -G -g -O0 -Xcompiler -fopenmp --compile --relocatable-device-code=true -gencode arch=compute_52,code=compute_52 -gencode arch=compute_52,code=sm_52  -x cu -o  "UnitTests/MNIST_test.o" "../UnitTests/MNIST_test.cu"
../UnitTests/../NN_Core/BlackCat_Tuple.cu(99): error: class "BC::FeedForward<BC::LayerChain<BC::LayerChain<BC::BASE, BC::InputLayer, BC::FeedForward, BC::FeedForward, BC::OutputLayer>, BC::FeedForward, BC::FeedForward, BC::OutputLayer>>" has no member "tail"
          detected during instantiation of "auto &BC::LayerChain<BC::BASE, BC::InputLayer, lst...>::tail() [with lst=<BC::FeedForward, BC::FeedForward, BC::OutputLayer>]" 
../UnitTests/MNIST_test.cu(118): here

1 error detected in the compilation of "/tmp/tmpxft_000063f5_00000000-6_MNIST_test.cpp1.ii".
UnitTests/subdir.mk:27: recipe for target 'UnitTests/MNIST_test.o' failed
make: *** [UnitTests/MNIST_test.o] Error 1
17:57:51 **** Incremental Build of configuration Debug for project BlackCat_NeuralNetworks3.3 ****
make all 
Building file: ../UnitTests/MNIST_test.cu
Invoking: NVCC Compiler
/usr/local/cuda-9.1/bin/nvcc -I/home/joseph/BlackCat_Libraries/BlackCat_Tensors3.3 -I/home/joseph/BlackCat_Libraries/BlackCat_Tensors3.2/BlackCat_Tensors_Functions/Functions -G -g -O0 -Xcompiler -fopenmp -gencode arch=compute_52,code=sm_52  -odir "UnitTests" -M -o "UnitTests/MNIST_test.d" "../UnitTests/MNIST_test.cu"
/usr/local/cuda-9.1/bin/nvcc -I/home/joseph/BlackCat_Libraries/BlackCat_Tensors3.3 -I/home/joseph/BlackCat_Libraries/BlackCat_Tensors3.2/BlackCat_Tensors_Functions/Functions -G -g -O0 -Xcompiler -fopenmp --compile --relocatable-device-code=true -gencode arch=compute_52,code=compute_52 -gencode arch=compute_52,code=sm_52  -x cu -o  "UnitTests/MNIST_test.o" "../UnitTests/MNIST_test.cu"
Finished building: ../UnitTests/MNIST_test.cu
 
Building file: ../NN_Core/BlackCat_Tuple.cu
Invoking: NVCC Compiler
/usr/local/cuda-9.1/bin/nvcc -I/home/joseph/BlackCat_Libraries/BlackCat_Tensors3.3 -I/home/joseph/BlackCat_Libraries/BlackCat_Tensors3.2/BlackCat_Tensors_Functions/Functions -G -g -O0 -Xcompiler -fopenmp -gencode arch=compute_52,code=sm_52  -odir "NN_Core" -M -o "NN_Core/BlackCat_Tuple.d" "../NN_Core/BlackCat_Tuple.cu"
/usr/local/cuda-9.1/bin/nvcc -I/home/joseph/BlackCat_Libraries/BlackCat_Tensors3.3 -I/home/joseph/BlackCat_Libraries/BlackCat_Tensors3.2/BlackCat_Tensors_Functions/Functions -G -g -O0 -Xcompiler -fopenmp --compile --relocatable-device-code=true -gencode arch=compute_52,code=compute_52 -gencode arch=compute_52,code=sm_52  -x cu -o  "NN_Core/BlackCat_Tuple.o" "../NN_Core/BlackCat_Tuple.cu"
Finished building: ../NN_Core/BlackCat_Tuple.cu
 
Building file: ../NN_Core/FeedForward.cu
Invoking: NVCC Compiler
/usr/local/cuda-9.1/bin/nvcc -I/home/joseph/BlackCat_Libraries/BlackCat_Tensors3.3 -I/home/joseph/BlackCat_Libraries/BlackCat_Tensors3.2/BlackCat_Tensors_Functions/Functions -G -g -O0 -Xcompiler -fopenmp -gencode arch=compute_52,code=sm_52  -odir "NN_Core" -M -o "NN_Core/FeedForward.d" "../NN_Core/FeedForward.cu"
/usr/local/cuda-9.1/bin/nvcc -I/home/joseph/BlackCat_Libraries/BlackCat_Tensors3.3 -I/home/joseph/BlackCat_Libraries/BlackCat_Tensors3.2/BlackCat_Tensors_Functions/Functions -G -g -O0 -Xcompiler -fopenmp --compile --relocatable-device-code=true -gencode arch=compute_52,code=compute_52 -gencode arch=compute_52,code=sm_52  -x cu -o  "NN_Core/FeedForward.o" "../NN_Core/FeedForward.cu"
Finished building: ../NN_Core/FeedForward.cu
 
Building file: ../NN_Core/OutputLayer.cu
Invoking: NVCC Compiler
/usr/local/cuda-9.1/bin/nvcc -I/home/joseph/BlackCat_Libraries/BlackCat_Tensors3.3 -I/home/joseph/BlackCat_Libraries/BlackCat_Tensors3.2/BlackCat_Tensors_Functions/Functions -G -g -O0 -Xcompiler -fopenmp -gencode arch=compute_52,code=sm_52  -odir "NN_Core" -M -o "NN_Core/OutputLayer.d" "../NN_Core/OutputLayer.cu"
/usr/local/cuda-9.1/bin/nvcc -I/home/joseph/BlackCat_Libraries/BlackCat_Tensors3.3 -I/home/joseph/BlackCat_Libraries/BlackCat_Tensors3.2/BlackCat_Tensors_Functions/Functions -G -g -O0 -Xcompiler -fopenmp --compile --relocatable-device-code=true -gencode arch=compute_52,code=compute_52 -gencode arch=compute_52,code=sm_52  -x cu -o  "NN_Core/OutputLayer.o" "../NN_Core/OutputLayer.cu"
Finished building: ../NN_Core/OutputLayer.cu
 
Building target: BlackCat_NeuralNetworks3.3
Invoking: NVCC Linker
/usr/local/cuda-9.1/bin/nvcc --cudart static -L/usr/local/cuda-9.1/bin -L/usr/local/cuda/include -L/usr/local/include/atlas-base --relocatable-device-code=true -gencode arch=compute_52,code=compute_52 -gencode arch=compute_52,code=sm_52 -link -o  "BlackCat_NeuralNetworks3.3"  ./UnitTests/MNIST_test.o ./UnitTests/MNIST_test_WithMultiThreading.o ./UnitTests/MNIST_test_WithReadWriteExample.o ./UnitTests/XOR_test.o  ./NN_Core/BlackCat_Tuple.o ./NN_Core/FeedForward.o ./NN_Core/OutputLayer.o  ./NN_Core/Deprecated/Copy\ of\ MNIST_alternatetest.o   -lcblas -lf77blas -lcublas -lgomp
Finished building target: BlackCat_NeuralNetworks3.3
 
17:58:03 **** Incremental Build of configuration Debug for project BlackCat_NeuralNetworks3.3 ****
make all 
make: Nothing to be done for 'all'.
17:58:39 **** Incremental Build of configuration Debug for project BlackCat_NeuralNetworks3.3 ****
make all 
make: Nothing to be done for 'all'.
